Release 14.1 Xflow P.15xf (nt64)
Copyright (c) 1995-2012 Xilinx, Inc.  All rights reserved.
xflow.exe -wd implementation -p xc3s1000lft256-4 -implement xflow.opt system.ngc
 
PMSPEC -- Overriding Xilinx file
<C:/Xilinx/14.1/ISE_DS/EDK/spartan3/data/spartan3.acd> with local file
<C:/Xilinx/14.1/ISE_DS/ISE/spartan3/data/spartan3.acd>

Using Flow File: C:/hlocal/SE/Proyecto/Practica2/implementation/fpga.flw 
Using Option File(s): 
 C:/hlocal/SE/Proyecto/Practica2/implementation/xflow.opt 

Creating Script File ... 

#----------------------------------------------#
# Starting program ngdbuild
# ngdbuild -p xc3s1000lft256-4 -nt timestamp -bm system.bmm
"C:/hlocal/SE/Proyecto/Practica2/implementation/system.ngc" -uc system.ucf
system.ngd 
#----------------------------------------------#
Release 14.1 - ngdbuild P.15xf (nt64)
Copyright (c) 1995-2012 Xilinx, Inc.  All rights reserved.
PMSPEC -- Overriding Xilinx file
<C:/Xilinx/14.1/ISE_DS/EDK/spartan3/data/spartan3.acd> with local file
<C:/Xilinx/14.1/ISE_DS/ISE/spartan3/data/spartan3.acd>

Command Line: C:\Xilinx\14.1\ISE_DS\ISE\bin\nt64\unwrapped\ngdbuild.exe -p
xc3s1000lft256-4 -nt timestamp -bm system.bmm
C:/hlocal/SE/Proyecto/Practica2/implementation/system.ngc -uc system.ucf
system.ngd

Reading NGO file "C:/hlocal/SE/Proyecto/Practica2/implementation/system.ngc" ...
Loading design module
"C:/hlocal/SE/Proyecto/Practica2/implementation/system_xps_uartlite_0_wrapper.ng
c"...
Loading design module
"C:/hlocal/SE/Proyecto/Practica2/implementation/system_xps_bram_if_cntlr_0_wrapp
er.ngc"...
Loading design module
"C:/hlocal/SE/Proyecto/Practica2/implementation/system_switches_wrapper.ngc"...
Loading design module
"C:/hlocal/SE/Proyecto/Practica2/implementation/system_plb_v46_0_wrapper.ngc"...
Loading design module
"C:/hlocal/SE/Proyecto/Practica2/implementation/system_microblaze_0_wrapper.ngc"
...
Loading design module
"C:/hlocal/SE/Proyecto/Practica2/implementation/system_leds_wrapper.ngc"...
Loading design module
"C:/hlocal/SE/Proyecto/Practica2/implementation/system_infrarrojos_0_wrapper.ngc
"...
Loading design module
"C:/hlocal/SE/Proyecto/Practica2/implementation/system_hexkeypad_0_wrapper.ngc".
..
Loading design module
"C:/hlocal/SE/Proyecto/Practica2/implementation/system_bram_block_0_wrapper.ngc"
...
Loading design module
"C:/hlocal/SE/Proyecto/Practica2/implementation/system_matriz_de_puntos_0_wrappe
r.ngc"...
Loading design module
"C:/hlocal/SE/Proyecto/Practica2/implementation/system_leds_rgb_0_wrapper.ngc"..
.
Gathering constraint information from source properties...
Done.

Annotating constraints to design from ucf file "system.ucf" ...
Resolving constraint associations...
Checking Constraint Associations...
Done...

Processing BMM file "system.bmm" ...

Checking expanded design ...
WARNING:NgdBuild:443 - SFF primitive
   'microblaze_0/microblaze_0/MicroBlaze_Core_I/Performance.Decode_I/Using_FPGA.
   Gen_Bits[31].MEM_EX_Result_Inst' has unconnected output pin
WARNING:NgdBuild:443 - SFF primitive
   'microblaze_0/microblaze_0/MicroBlaze_Core_I/Performance.Decode_I/Using_FPGA.
   Gen_Bits[30].MEM_EX_Result_Inst' has unconnected output pin
WARNING:NgdBuild:443 - SFF primitive
   'microblaze_0/microblaze_0/MicroBlaze_Core_I/Performance.Decode_I/Using_FPGA.
   Gen_Bits[29].MEM_EX_Result_Inst' has unconnected output pin
WARNING:NgdBuild:443 - SFF primitive
   'microblaze_0/microblaze_0/MicroBlaze_Core_I/Performance.Decode_I/Using_FPGA.
   Gen_Bits[28].MEM_EX_Result_Inst' has unconnected output pin
WARNING:NgdBuild:443 - SFF primitive
   'microblaze_0/microblaze_0/MicroBlaze_Core_I/Performance.Decode_I/Using_FPGA.
   Gen_Bits[27].MEM_EX_Result_Inst' has unconnected output pin
WARNING:NgdBuild:443 - SFF primitive
   'matriz_de_puntos_0/matriz_de_puntos_0/WRPFIFO_TOP_I/USE_BLOCK_RAM.I_DP_CONTR
   OLLER/OMIT_PACKET_FEATURES.I_WRITE_ADDR_CNTR/I_UP_DWN_COUNTER/I_CARRY_OUT'
   has unconnected output pin
WARNING:NgdBuild:443 - SFF primitive
   'matriz_de_puntos_0/matriz_de_puntos_0/WRPFIFO_TOP_I/USE_BLOCK_RAM.I_DP_CONTR
   OLLER/OMIT_PACKET_FEATURES.I_READ_ADDR_CNTR/I_UP_DWN_COUNTER/I_CARRY_OUT' has
   unconnected output pin

Partition Implementation Status
-------------------------------

  No Partitions were found in this design.

-------------------------------

NGDBUILD Design Results Summary:
  Number of errors:     0
  Number of warnings:   7

Writing NGD file "system.ngd" ...
Total REAL time to NGDBUILD completion:  22 sec
Total CPU time to NGDBUILD completion:   22 sec

Writing NGDBUILD log file "system.bld"...

NGDBUILD done.



#----------------------------------------------#
# Starting program map
# map -o system_map.ncd -pr b -ol high -timing -detail system.ngd system.pcf 
#----------------------------------------------#
Release 14.1 - Map P.15xf (nt64)
Copyright (c) 1995-2012 Xilinx, Inc.  All rights reserved.
PMSPEC -- Overriding Xilinx file
<C:/Xilinx/14.1/ISE_DS/EDK/data/Xdh_PrimTypeLib.xda> with local file
<C:/Xilinx/14.1/ISE_DS/ISE/data/Xdh_PrimTypeLib.xda>
Using target part "3s1000lft256-4".
vvvvvvvvvvvvvvvvvvvvvvvvvvvvvvvvvvvvvvvvvvvvvvvvvvvvvvvvvvvvvvvvvvvvvv
INFO:Security:50 - The XILINXD_LICENSE_FILE environment variable is set to
'8080@licalu.fdi.ucm.es'.
INFO:Security:53 - The LM_LICENSE_FILE environment variable is not set.
INFO:Security:54 - 'xc3s1000l' is a WebPack part.
WARNING:Security:43 - No license file was found in the standard Xilinx license
directory.
WARNING:Security:44 - Since no license file was found,
       please run the Xilinx License Configuration Manager
       (xlcm or "Manage Xilinx Licenses")
       to assist in obtaining a license.
WARNING:Security:42 - Your software subscription period has lapsed. Your current
version of Xilinx tools will continue to function, but you no longer qualify for
Xilinx software updates or new releases.
----------------------------------------------------------------------
Mapping design into LUTs...
Writing file system_map.ngm...
Running directed packing...
Running delay-based LUT packing...
Updating timing models...
Running timing-driven placement...
Total REAL time at the beginning of Placer: 8 secs 
Total CPU  time at the beginning of Placer: 6 secs 

Phase 1.1  Initial Placement Analysis
Phase 1.1  Initial Placement Analysis (Checksum:34a63ccd) REAL time: 10 secs 

Phase 2.7  Design Feasibility Check
INFO:Place:834 - Only a subset of IOs are locked. Out of 38 IOs, 30 are locked
   and 8 are not locked. If you would like to print the names of these IOs,
   please set the environment variable XIL_PAR_DESIGN_CHECK_VERBOSE to 1. 
Phase 2.7  Design Feasibility Check (Checksum:34a63ccd) REAL time: 10 secs 

Phase 3.31  Local Placement Optimization
Phase 3.31  Local Placement Optimization (Checksum:34a63ccd) REAL time: 10 secs 

Phase 4.2  Initial Clock and IO Placement
.....
Phase 4.2  Initial Clock and IO Placement (Checksum:73878578) REAL time: 12 secs 

Phase 5.36  Local Placement Optimization
Phase 5.36  Local Placement Optimization (Checksum:73878578) REAL time: 12 secs 

Phase 6.3  Local Placement Optimization
......
Phase 6.3  Local Placement Optimization (Checksum:7bf26f01) REAL time: 12 secs 

Phase 7.5  Local Placement Optimization
Phase 7.5  Local Placement Optimization (Checksum:7bf26f01) REAL time: 12 secs 

Phase 8.4  Local Placement Optimization
....................................
.........................
Phase 8.4  Local Placement Optimization (Checksum:7bf26f01) REAL time: 15 secs 

Phase 9.28  Local Placement Optimization
Phase 9.28  Local Placement Optimization (Checksum:7bf26f01) REAL time: 15 secs 

Phase 10.8  Global Placement
.......................................
..............................................
..........
.........................................................................................................
......................................................
...........................................................................
Phase 10.8  Global Placement (Checksum:b7be2587) REAL time: 27 secs 

Phase 11.29  Local Placement Optimization
Phase 11.29  Local Placement Optimization (Checksum:b7be2587) REAL time: 27 secs 

Phase 12.5  Local Placement Optimization
Phase 12.5  Local Placement Optimization (Checksum:b7be2587) REAL time: 27 secs 

Phase 13.18  Placement Optimization
Phase 13.18  Placement Optimization (Checksum:46072dff) REAL time: 53 secs 

Phase 14.5  Local Placement Optimization
Phase 14.5  Local Placement Optimization (Checksum:46072dff) REAL time: 53 secs 

Total REAL time to Placer completion: 53 secs 
Total CPU  time to Placer completion: 50 secs 
Running post-placement packing...

Design Summary:
Number of errors:      0
Number of warnings:    0
Logic Utilization:
  Number of Slice Flip Flops:         2,050 out of  15,360   13%
  Number of 4 input LUTs:             3,373 out of  15,360   21%
Logic Distribution:
  Number of occupied Slices:          2,465 out of   7,680   32%
    Number of Slices containing only related logic:   2,465 out of   2,465 100%
    Number of Slices containing unrelated logic:          0 out of   2,465   0%
      *See NOTES below for an explanation of the effects of unrelated logic.
  Total Number of 4 input LUTs:       3,517 out of  15,360   22%
    Number used as logic:             2,569
    Number used as a route-thru:        144
    Number used for Dual Port RAMs:     704
      (Two LUTs used per Dual Port RAM)
    Number used as Shift registers:     100

  The Slice Logic Distribution report is not meaningful if the design is
  over-mapped for a non-slice resource or if Placement fails.

  Number of bonded IOBs:                 38 out of     173   21%
    IOB Flip Flops:                      23
  Number of RAMB16s:                     17 out of      24   70%
  Number of MULT18X18s:                   3 out of      24   12%
  Number of BUFGMUXs:                     3 out of       8   37%

Average Fanout of Non-Clock Nets:                3.85

Peak Memory Usage:  4560 MB
Total REAL time to MAP completion:  55 secs 
Total CPU time to MAP completion:   51 secs 

Mapping completed.
See MAP report file "system_map.mrp" for details.



#----------------------------------------------#
# Starting program par
# par -w -ol high system_map.ncd system.ncd system.pcf 
#----------------------------------------------#
Release 14.1 - par P.15xf (nt64)
Copyright (c) 1995-2012 Xilinx, Inc.  All rights reserved.
PMSPEC -- Overriding Xilinx file <C:/Xilinx/14.1/ISE_DS/EDK/data/parBmgr.acd> with local file
<C:/Xilinx/14.1/ISE_DS/ISE/data/parBmgr.acd>



Constraints file: system.pcf.
Loading device for application Rf_Device from file '3s1000l.nph' in environment
C:\Xilinx\14.1\ISE_DS\ISE\;C:\Xilinx\14.1\ISE_DS\EDK.
   "system" is an NCD, version 3.2, device xc3s1000l, package ft256, speed -4
vvvvvvvvvvvvvvvvvvvvvvvvvvvvvvvvvvvvvvvvvvvvvvvvvvvvvvvvvvvvvvvvvvvvvv
INFO:Security:50 - The XILINXD_LICENSE_FILE environment variable is set to '8080@licalu.fdi.ucm.es'.
INFO:Security:53 - The LM_LICENSE_FILE environment variable is not set.
INFO:Security:54 - 'xc3s1000l' is a WebPack part.
WARNING:Security:43 - No license file was found in the standard Xilinx license directory.
WARNING:Security:44 - Since no license file was found,
       please run the Xilinx License Configuration Manager
       (xlcm or "Manage Xilinx Licenses")
       to assist in obtaining a license.
WARNING:Security:42 - Your software subscription period has lapsed. Your current version of Xilinx tools will continue
to function, but you no longer qualify for Xilinx software updates or new releases.

----------------------------------------------------------------------

Initializing temperature to 85.000 Celsius. (default - Range: 0.000 to 85.000 Celsius)
Initializing voltage to 1.140 Volts. (default - Range: 1.140 to 1.260 Volts)

INFO:Par:282 - No user timing constraints were detected or you have set the option to ignore timing constraints ("par
   -x"). Place and Route will run in "Performance Evaluation Mode" to automatically improve the performance of all
   internal clocks in this design. Because there are not defined timing requirements, a timing score will not be
   reported in the PAR report in this mode. The PAR timing summary will list the performance achieved for each clock.
   Note: For the fastest runtime, set the effort level to "std".  For best performance, set the effort level to "high".

Device speed data version:  "PRODUCTION 1.39 2012-04-23".



Device Utilization Summary:

   Number of BUFGMUXs                        3 out of 8      37%
   Number of External IOBs                  38 out of 173    21%
      Number of LOCed IOBs                  30 out of 38     78%

   Number of MULT18X18s                      3 out of 24     12%
   Number of RAMB16s                        17 out of 24     70%
   Number of Slices                       2465 out of 7680   32%
      Number of SLICEMs                    416 out of 3840   10%



Overall effort level (-ol):   High 
Router effort level (-rl):    High 

Starting initial Timing Analysis.  REAL time: 6 secs 
Finished initial Timing Analysis.  REAL time: 6 secs 

WARNING:Par:288 - The signal xps_bram_if_cntlr_0_PORTA_BRAM_Addr<0> has no load.  PAR will not attempt to route this
   signal.
WARNING:Par:288 - The signal xps_bram_if_cntlr_0_PORTA_BRAM_Addr<1> has no load.  PAR will not attempt to route this
   signal.
WARNING:Par:288 - The signal xps_bram_if_cntlr_0_PORTA_BRAM_Addr<2> has no load.  PAR will not attempt to route this
   signal.
WARNING:Par:288 - The signal xps_bram_if_cntlr_0_PORTA_BRAM_Addr<3> has no load.  PAR will not attempt to route this
   signal.
WARNING:Par:288 - The signal xps_bram_if_cntlr_0_PORTA_BRAM_Addr<4> has no load.  PAR will not attempt to route this
   signal.
WARNING:Par:288 - The signal xps_bram_if_cntlr_0_PORTA_BRAM_Addr<5> has no load.  PAR will not attempt to route this
   signal.
WARNING:Par:288 - The signal xps_bram_if_cntlr_0_PORTA_BRAM_Addr<6> has no load.  PAR will not attempt to route this
   signal.
WARNING:Par:288 - The signal xps_bram_if_cntlr_0_PORTA_BRAM_Addr<7> has no load.  PAR will not attempt to route this
   signal.
WARNING:Par:288 - The signal xps_bram_if_cntlr_0_PORTA_BRAM_Addr<8> has no load.  PAR will not attempt to route this
   signal.
WARNING:Par:288 - The signal xps_bram_if_cntlr_0_PORTA_BRAM_Addr<9> has no load.  PAR will not attempt to route this
   signal.
WARNING:Par:288 - The signal xps_bram_if_cntlr_0_PORTA_BRAM_Addr<10> has no load.  PAR will not attempt to route this
   signal.
WARNING:Par:288 - The signal xps_bram_if_cntlr_0_PORTA_BRAM_Addr<11> has no load.  PAR will not attempt to route this
   signal.
WARNING:Par:288 - The signal xps_bram_if_cntlr_0_PORTA_BRAM_Addr<12> has no load.  PAR will not attempt to route this
   signal.
WARNING:Par:288 - The signal xps_bram_if_cntlr_0_PORTA_BRAM_Addr<13> has no load.  PAR will not attempt to route this
   signal.
WARNING:Par:288 - The signal xps_bram_if_cntlr_0_PORTA_BRAM_Addr<14> has no load.  PAR will not attempt to route this
   signal.
WARNING:Par:288 - The signal xps_bram_if_cntlr_0_PORTA_BRAM_Addr<15> has no load.  PAR will not attempt to route this
   signal.
WARNING:Par:288 - The signal xps_bram_if_cntlr_0_PORTA_BRAM_Addr<16> has no load.  PAR will not attempt to route this
   signal.
WARNING:Par:288 - The signal xps_bram_if_cntlr_0_PORTA_BRAM_Addr<30> has no load.  PAR will not attempt to route this
   signal.
WARNING:Par:288 - The signal xps_bram_if_cntlr_0_PORTA_BRAM_Addr<31> has no load.  PAR will not attempt to route this
   signal.
WARNING:Par:288 - The signal bram_block_0/BRAM_Din_B<0> has no load.  PAR will not attempt to route this signal.
WARNING:Par:288 - The signal bram_block_0/BRAM_Din_B<1> has no load.  PAR will not attempt to route this signal.
WARNING:Par:288 - The signal bram_block_0/BRAM_Din_B<2> has no load.  PAR will not attempt to route this signal.
WARNING:Par:288 - The signal bram_block_0/BRAM_Din_B<3> has no load.  PAR will not attempt to route this signal.
WARNING:Par:288 - The signal bram_block_0/BRAM_Din_B<4> has no load.  PAR will not attempt to route this signal.
WARNING:Par:288 - The signal bram_block_0/BRAM_Din_B<5> has no load.  PAR will not attempt to route this signal.
WARNING:Par:288 - The signal bram_block_0/BRAM_Din_B<6> has no load.  PAR will not attempt to route this signal.
WARNING:Par:288 - The signal bram_block_0/BRAM_Din_B<7> has no load.  PAR will not attempt to route this signal.
WARNING:Par:288 - The signal bram_block_0/BRAM_Din_B<8> has no load.  PAR will not attempt to route this signal.
WARNING:Par:288 - The signal bram_block_0/BRAM_Din_B<9> has no load.  PAR will not attempt to route this signal.
WARNING:Par:288 - The signal bram_block_0/BRAM_Din_B<10> has no load.  PAR will not attempt to route this signal.
WARNING:Par:288 - The signal bram_block_0/BRAM_Din_B<11> has no load.  PAR will not attempt to route this signal.
WARNING:Par:288 - The signal bram_block_0/BRAM_Din_B<12> has no load.  PAR will not attempt to route this signal.
WARNING:Par:288 - The signal bram_block_0/BRAM_Din_B<13> has no load.  PAR will not attempt to route this signal.
WARNING:Par:288 - The signal bram_block_0/BRAM_Din_B<14> has no load.  PAR will not attempt to route this signal.
WARNING:Par:288 - The signal bram_block_0/BRAM_Din_B<15> has no load.  PAR will not attempt to route this signal.
WARNING:Par:288 - The signal bram_block_0/BRAM_Din_B<16> has no load.  PAR will not attempt to route this signal.
WARNING:Par:288 - The signal bram_block_0/BRAM_Din_B<17> has no load.  PAR will not attempt to route this signal.
WARNING:Par:288 - The signal bram_block_0/BRAM_Din_B<18> has no load.  PAR will not attempt to route this signal.
WARNING:Par:288 - The signal bram_block_0/BRAM_Din_B<19> has no load.  PAR will not attempt to route this signal.
WARNING:Par:288 - The signal bram_block_0/BRAM_Din_B<20> has no load.  PAR will not attempt to route this signal.
WARNING:Par:288 - The signal bram_block_0/BRAM_Din_B<21> has no load.  PAR will not attempt to route this signal.
WARNING:Par:288 - The signal bram_block_0/BRAM_Din_B<22> has no load.  PAR will not attempt to route this signal.
WARNING:Par:288 - The signal bram_block_0/BRAM_Din_B<23> has no load.  PAR will not attempt to route this signal.
WARNING:Par:288 - The signal bram_block_0/BRAM_Din_B<24> has no load.  PAR will not attempt to route this signal.
WARNING:Par:288 - The signal bram_block_0/BRAM_Din_B<25> has no load.  PAR will not attempt to route this signal.
WARNING:Par:288 - The signal bram_block_0/BRAM_Din_B<26> has no load.  PAR will not attempt to route this signal.
WARNING:Par:288 - The signal bram_block_0/BRAM_Din_B<27> has no load.  PAR will not attempt to route this signal.
WARNING:Par:288 - The signal bram_block_0/BRAM_Din_B<28> has no load.  PAR will not attempt to route this signal.
WARNING:Par:288 - The signal bram_block_0/BRAM_Din_B<29> has no load.  PAR will not attempt to route this signal.
WARNING:Par:288 - The signal bram_block_0/BRAM_Din_B<30> has no load.  PAR will not attempt to route this signal.
WARNING:Par:288 - The signal bram_block_0/BRAM_Din_B<31> has no load.  PAR will not attempt to route this signal.
Starting Router


Phase  1  : 19477 unrouted;      REAL time: 7 secs 

Phase  2  : 16447 unrouted;      REAL time: 8 secs 

Phase  3  : 4891 unrouted;      REAL time: 10 secs 

Phase  4  : 5570 unrouted; (Par is working to improve performance)     REAL time: 17 secs 

Phase  5  : 0 unrouted; (Par is working to improve performance)     REAL time: 33 secs 

Updating file: system.ncd with current fully routed design.

Phase  6  : 0 unrouted; (Par is working to improve performance)     REAL time: 35 secs 

Phase  7  : 0 unrouted; (Par is working to improve performance)     REAL time: 1 mins 32 secs 

Phase  8  : 0 unrouted; (Par is working to improve performance)     REAL time: 1 mins 32 secs 

Phase  9  : 0 unrouted; (Par is working to improve performance)     REAL time: 1 mins 33 secs 

Total REAL time to Router completion: 1 mins 33 secs 
Total CPU time to Router completion: 1 mins 28 secs 

Partition Implementation Status
-------------------------------

  No Partitions were found in this design.

-------------------------------

Generating "PAR" statistics.

**************************
Generating Clock Report
**************************

+---------------------+--------------+------+------+------------+-------------+
|        Clock Net    |   Resource   |Locked|Fanout|Net Skew(ns)|Max Delay(ns)|
+---------------------+--------------+------+------+------------+-------------+
|       Clk_pin_BUFGP |      BUFGMUX3| No   | 2033 |  0.513     |  1.220      |
+---------------------+--------------+------+------+------------+-------------+
|hexkeypad_0/hexkeypa |              |      |      |            |             |
|d_0/USER_LOGIC_I/rel |              |      |      |            |             |
|                oj12 |      BUFGMUX7| No   |   23 |  0.247     |  1.009      |
+---------------------+--------------+------+------+------------+-------------+
|matriz_de_puntos_0/m |              |      |      |            |             |
|atriz_de_puntos_0/US |              |      |      |            |             |
|ER_LOGIC_I/mybanner/ |              |      |      |            |             |
|             reloj12 |      BUFGMUX4| No   |   58 |  0.378     |  1.117      |
+---------------------+--------------+------+------+------------+-------------+

* Net Skew is the difference between the minimum and maximum routing
only delays for the net. Note this is different from Clock Skew which
is reported in TRCE timing report. Clock Skew is the difference between
the minimum and maximum path delays which includes logic delays.

* The fanout is the number of component pins not the individual BEL loads,
for example SLICE loads not FF loads.

Timing Score: 0 (Setup: 0, Hold: 0)

Asterisk (*) preceding a constraint indicates it was not met.
   This may be due to a setup or hold violation.

----------------------------------------------------------------------------------------------------------
  Constraint                                |    Check    | Worst Case |  Best Case | Timing |   Timing   
                                            |             |    Slack   | Achievable | Errors |    Score   
----------------------------------------------------------------------------------------------------------
  Autotimespec constraint for clock net Clk | SETUP       |         N/A|    11.981ns|     N/A|           0
  _pin_BUFGP                                | HOLD        |     0.629ns|            |       0|           0
----------------------------------------------------------------------------------------------------------
  Autotimespec constraint for clock net hex | SETUP       |         N/A|     6.312ns|     N/A|           0
  keypad_0/hexkeypad_0/USER_LOGIC_I/reloj12 | HOLD        |     0.986ns|            |       0|           0
----------------------------------------------------------------------------------------------------------
  Autotimespec constraint for clock net mat | SETUP       |         N/A|     6.865ns|     N/A|           0
  riz_de_puntos_0/matriz_de_puntos_0/USER_L | HOLD        |     0.986ns|            |       0|           0
  OGIC_I/mybanner/reloj12                   |             |            |            |        |            
----------------------------------------------------------------------------------------------------------


All constraints were met.
INFO:Timing:2761 - N/A entries in the Constraints List may indicate that the 
   constraint is not analyzed due to the following: No paths covered by this 
   constraint; Other constraints intersect with this constraint; or This 
   constraint was disabled by a Path Tracing Control. Please run the Timespec 
   Interaction Report (TSI) via command line (trce tsi) or Timing Analyzer GUI.


Generating Pad Report.

All signals are completely routed.

WARNING:Par:283 - There are 51 loadless signals in this design. This design will cause Bitgen to issue DRC warnings.

Total REAL time to PAR completion: 1 mins 34 secs 
Total CPU time to PAR completion: 1 mins 29 secs 

Peak Memory Usage:  4479 MB

Placer: Placement generated during map.
Routing: Completed - No errors found.

Number of error messages: 0
Number of warning messages: 53
Number of info messages: 1

Writing design to file system.ncd



PAR done!



#----------------------------------------------#
# Starting program post_par_trce
# trce -e 3 -xml system.twx system.ncd system.pcf 
#----------------------------------------------#
Release 14.1 - Trace  (nt64)
Copyright (c) 1995-2012 Xilinx, Inc.  All rights reserved.


PMSPEC -- Overriding Xilinx file
<C:/Xilinx/14.1/ISE_DS/EDK/spartan3/data/spartan3.acd> with local file
<C:/Xilinx/14.1/ISE_DS/ISE/spartan3/data/spartan3.acd>
Loading device for application Rf_Device from file '3s1000l.nph' in environment
C:\Xilinx\14.1\ISE_DS\ISE\;C:\Xilinx\14.1\ISE_DS\EDK.
   "system" is an NCD, version 3.2, device xc3s1000l, package ft256, speed -4
INFO:Timing:2698 - No timing constraints found, doing default enumeration.
--------------------------------------------------------------------------------
Release 14.1 Trace  (nt64)
Copyright (c) 1995-2012 Xilinx, Inc.  All rights reserved.

C:\Xilinx\14.1\ISE_DS\ISE\bin\nt64\unwrapped\trce.exe -e 3 -xml system.twx
system.ncd system.pcf


Design file:              system.ncd
Physical constraint file: system.pcf
Device,speed:             xc3s1000l,-4 (PRODUCTION 1.39 2012-04-23)
Report level:             error report
--------------------------------------------------------------------------------

INFO:Timing:3412 - To improve timing, see the Timing Closure User Guide (UG612).
INFO:Timing:2752 - To get complete path coverage, use the unconstrained paths
   option. All paths that are not constrained will be reported in the
   unconstrained paths section(s) of the report.
INFO:Timing:3339 - The clock-to-out numbers in this timing report are based on a
   50 Ohm transmission line loading model.  For the details of this model, and
   for more information on accounting for different loading conditions, please
   see the device datasheet.
INFO:Timing:3390 - This architecture does not support a default System Jitter
   value, please add SYSTEM_JITTER constraint to the UCF to modify the Clock
   Uncertainty calculation.
INFO:Timing:3389 - This architecture does not support 'Discrete Jitter' and
   'Phase Error' calculations, these terms will be zero in the Clock Uncertainty
   calculation.  Please make appropriate modification to SYSTEM_JITTER to
   account for the unsupported Discrete Jitter and Phase Error.

Analysis completed Thu Feb 25 04:39:33 2021
--------------------------------------------------------------------------------

Generating Report ...

Number of warnings: 0
Number of info messages: 6
Total time: 3 secs 


