Release 14.1 - xst P.15xf (nt64)
Copyright (c) 1995-2012 Xilinx, Inc.  All rights reserved.
--> Parameter TMPDIR set to xst/projnav.tmp


Total REAL time to Xst completion: 0.00 secs
Total CPU time to Xst completion: 0.07 secs
 
--> Parameter xsthdpdir set to xst


Total REAL time to Xst completion: 0.00 secs
Total CPU time to Xst completion: 0.07 secs
 
--> Reading design: sintesis_cerrojo.prj

TABLE OF CONTENTS
  1) Synthesis Options Summary
  2) HDL Compilation
  3) Design Hierarchy Analysis
  4) HDL Analysis
  5) HDL Synthesis
     5.1) HDL Synthesis Report
  6) Advanced HDL Synthesis
     6.1) Advanced HDL Synthesis Report
  7) Low Level Synthesis
  8) Partition Report
  9) Final Report
	9.1) Device utilization summary
	9.2) Partition Resource Summary
	9.3) TIMING REPORT


=========================================================================
*                      Synthesis Options Summary                        *
=========================================================================
---- Source Parameters
Input File Name                    : "sintesis_cerrojo.prj"
Input Format                       : mixed
Ignore Synthesis Constraint File   : NO

---- Target Parameters
Output File Name                   : "sintesis_cerrojo"
Output Format                      : NGC
Target Device                      : xc3s1000-5-ft256

---- Source Options
Top Module Name                    : sintesis_cerrojo
Automatic FSM Extraction           : YES
FSM Encoding Algorithm             : Auto
Safe Implementation                : No
FSM Style                          : LUT
RAM Extraction                     : Yes
RAM Style                          : Auto
ROM Extraction                     : Yes
Mux Style                          : Auto
Decoder Extraction                 : YES
Priority Encoder Extraction        : Yes
Shift Register Extraction          : YES
Logical Shifter Extraction         : YES
XOR Collapsing                     : YES
ROM Style                          : Auto
Mux Extraction                     : Yes
Resource Sharing                   : YES
Asynchronous To Synchronous        : NO
Multiplier Style                   : Auto
Automatic Register Balancing       : No

---- Target Options
Add IO Buffers                     : YES
Global Maximum Fanout              : 500
Add Generic Clock Buffer(BUFG)     : 8
Register Duplication               : YES
Slice Packing                      : YES
Optimize Instantiated Primitives   : NO
Use Clock Enable                   : Yes
Use Synchronous Set                : Yes
Use Synchronous Reset              : Yes
Pack IO Registers into IOBs        : Auto
Equivalent register Removal        : YES

---- General Options
Optimization Goal                  : Speed
Optimization Effort                : 1
Keep Hierarchy                     : No
Netlist Hierarchy                  : As_Optimized
RTL Output                         : Yes
Global Optimization                : AllClockNets
Read Cores                         : YES
Write Timing Constraints           : NO
Cross Clock Analysis               : NO
Hierarchy Separator                : /
Bus Delimiter                      : <>
Case Specifier                     : Maintain
Slice Utilization Ratio            : 100
BRAM Utilization Ratio             : 100
Verilog 2001                       : YES
Auto BRAM Packing                  : NO
Slice Utilization Ratio Delta      : 5

=========================================================================


=========================================================================
*                          HDL Compilation                              *
=========================================================================
Compiling vhdl file "U:/hlocal/Gala/P1/registro.vhd" in Library work.
Architecture behavioral of Entity registro is up to date.
Compiling vhdl file "U:/hlocal/Gala/P1/debouncer.vhd" in Library work.
Architecture debouncerarch of Entity debouncer is up to date.
Compiling vhdl file "U:/hlocal/Gala/P1/cerrojo.vhd" in Library work.
Entity <cerrojo> compiled.
Entity <cerrojo> (Architecture <behavioral>) compiled.
Compiling vhdl file "U:/hlocal/Gala/P1/conv_7seg.vhd" in Library work.
Architecture behavioral of Entity conv_7seg is up to date.
Compiling vhdl file "U:/hlocal/Gala/P1/sintesis_cerrojo.vhd" in Library work.
Architecture cerrojoarch of Entity sintesis_cerrojo is up to date.

=========================================================================
*                     Design Hierarchy Analysis                         *
=========================================================================
Analyzing hierarchy for entity <sintesis_cerrojo> in library <work> (architecture <cerrojoarch>).

Analyzing hierarchy for entity <debouncer> in library <work> (architecture <debouncerarch>).

Analyzing hierarchy for entity <cerrojo> in library <work> (architecture <behavioral>).

Analyzing hierarchy for entity <conv_7seg> in library <work> (architecture <behavioral>).

Analyzing hierarchy for entity <registro> in library <work> (architecture <behavioral>).


=========================================================================
*                            HDL Analysis                               *
=========================================================================
Analyzing Entity <sintesis_cerrojo> in library <work> (Architecture <cerrojoarch>).
WARNING:Xst:753 - "U:/hlocal/Gala/P1/sintesis_cerrojo.vhd" line 53: Unconnected output port 'xDeb' of component 'debouncer'.
WARNING:Xst:753 - "U:/hlocal/Gala/P1/sintesis_cerrojo.vhd" line 53: Unconnected output port 'xDebFallingEdge' of component 'debouncer'.
Entity <sintesis_cerrojo> analyzed. Unit <sintesis_cerrojo> generated.

Analyzing Entity <debouncer> in library <work> (Architecture <debouncerarch>).
Entity <debouncer> analyzed. Unit <debouncer> generated.

Analyzing Entity <cerrojo> in library <work> (Architecture <behavioral>).
WARNING:Xst:819 - "U:/hlocal/Gala/P1/cerrojo.vhd" line 85: One or more signals are missing in the process sensitivity list. To enable synthesis of FPGA/CPLD hardware, XST will assume that all necessary signals are present in the sensitivity list. Please note that the result of the synthesis may differ from the initial design specification. The missing signals are:
   <salida>, <clave>
Entity <cerrojo> analyzed. Unit <cerrojo> generated.

Analyzing Entity <registro> in library <work> (Architecture <behavioral>).
Entity <registro> analyzed. Unit <registro> generated.

Analyzing Entity <conv_7seg> in library <work> (Architecture <behavioral>).
Entity <conv_7seg> analyzed. Unit <conv_7seg> generated.


=========================================================================
*                           HDL Synthesis                               *
=========================================================================

Performing bidirectional port resolution...

Synthesizing Unit <debouncer>.
    Related source file is "U:/hlocal/Gala/P1/debouncer.vhd".
    Found finite state machine <FSM_0> for signal <state>.
    -----------------------------------------------------------------------
    | States             | 4                                              |
    | Transitions        | 8                                              |
    | Inputs             | 2                                              |
    | Outputs            | 5                                              |
    | Clock              | clk                       (rising_edge)        |
    | Reset              | rst                       (negative)           |
    | Reset type         | asynchronous                                   |
    | Reset State        | 00                                             |
    | Power Up State     | 00                                             |
    | Encoding           | automatic                                      |
    | Implementation     | LUT                                            |
    -----------------------------------------------------------------------
    Found 1-bit register for signal <aux1>.
    Found 22-bit up counter for signal <count>.
    Found 1-bit register for signal <xSync>.
    Summary:
	inferred   1 Finite State Machine(s).
	inferred   1 Counter(s).
	inferred   2 D-type flip-flop(s).
Unit <debouncer> synthesized.


Synthesizing Unit <conv_7seg>.
    Related source file is "U:/hlocal/Gala/P1/conv_7seg.vhd".
    Found 16x7-bit ROM for signal <display_aux>.
    Summary:
	inferred   1 ROM(s).
Unit <conv_7seg> synthesized.


Synthesizing Unit <registro>.
    Related source file is "U:/hlocal/Gala/P1/registro.vhd".
    Found 8-bit register for signal <S>.
    Summary:
	inferred   8 D-type flip-flop(s).
Unit <registro> synthesized.


Synthesizing Unit <cerrojo>.
    Related source file is "U:/hlocal/Gala/P1/cerrojo.vhd".
    Found finite state machine <FSM_1> for signal <ESTADO>.
    -----------------------------------------------------------------------
    | States             | 6                                              |
    | Transitions        | 17                                             |
    | Inputs             | 3                                              |
    | Outputs            | 10                                             |
    | Clock              | clk                       (rising_edge)        |
    | Power Up State     | si                                             |
    | Encoding           | automatic                                      |
    | Implementation     | LUT                                            |
    -----------------------------------------------------------------------
WARNING:Xst:737 - Found 1-bit latch for signal <ld>. Latches may be generated from incomplete case or if statements. We do not recommend the use of latches in FPGA/CPLD designs, as they may lead to timing problems.
INFO:Xst:2371 - HDL ADVISOR - Logic functions respectively driving the data and gate enable inputs of this latch share common terms. This situation will potentially lead to setup/hold violations and, as a result, to simulation problems. This situation may come from an incomplete case statement (all selector values are not covered). You should carefully review if it was in your intentions to describe such a latch.
    Found 8-bit comparator equal for signal <ESTADO$cmp_eq0000> created at line 105.
    Summary:
	inferred   1 Finite State Machine(s).
	inferred   1 Comparator(s).
Unit <cerrojo> synthesized.


Synthesizing Unit <sintesis_cerrojo>.
    Related source file is "U:/hlocal/Gala/P1/sintesis_cerrojo.vhd".
Unit <sintesis_cerrojo> synthesized.


=========================================================================
HDL Synthesis Report

Macro Statistics
# ROMs                                                 : 1
 16x7-bit ROM                                          : 1
# Counters                                             : 1
 22-bit up counter                                     : 1
# Registers                                            : 3
 1-bit register                                        : 2
 8-bit register                                        : 1
# Latches                                              : 1
 1-bit latch                                           : 1
# Comparators                                          : 1
 8-bit comparator equal                                : 1

=========================================================================

=========================================================================
*                       Advanced HDL Synthesis                          *
=========================================================================

Analyzing FSM <FSM_1> for best encoding.
Optimizing FSM <cerrojoInstance/ESTADO/FSM> on signal <ESTADO[1:3]> with user encoding.
-------------------
 State | Encoding
-------------------
 si    | 000
 s4    | 001
 s3    | 010
 s2    | 011
 s1    | 100
 sf    | 101
-------------------
Analyzing FSM <FSM_0> for best encoding.
Optimizing FSM <debouncerInstance/state/FSM> on signal <state[1:2]> with gray encoding.
-------------------
 State | Encoding
-------------------
 00    | 00
 01    | 01
 10    | 11
 11    | 10
-------------------

=========================================================================
Advanced HDL Synthesis Report

Macro Statistics
# FSMs                                                 : 2
# ROMs                                                 : 1
 16x7-bit ROM                                          : 1
# Counters                                             : 1
 22-bit up counter                                     : 1
# Registers                                            : 10
 Flip-Flops                                            : 10
# Latches                                              : 1
 1-bit latch                                           : 1
# Comparators                                          : 1
 8-bit comparator equal                                : 1

=========================================================================

=========================================================================
*                         Low Level Synthesis                           *
=========================================================================

Optimizing unit <sintesis_cerrojo> ...

Optimizing unit <debouncer> ...

Optimizing unit <registro> ...

Mapping all equations...
Building and optimizing final netlist ...
Found area constraint ratio of 100 (+ 5) on block sintesis_cerrojo, actual ratio is 0.

Final Macro Processing ...

=========================================================================
Final Register Report

Macro Statistics
# Registers                                            : 37
 Flip-Flops                                            : 37

=========================================================================

=========================================================================
*                           Partition Report                            *
=========================================================================

Partition Implementation Status
-------------------------------

  No Partitions were found in this design.

-------------------------------

=========================================================================
*                            Final Report                               *
=========================================================================
Final Results
RTL Top Level Output File Name     : sintesis_cerrojo.ngr
Top Level Output File Name         : sintesis_cerrojo
Output Format                      : NGC
Optimization Goal                  : Speed
Keep Hierarchy                     : No

Design Statistics
# IOs                              : 32

Cell Usage :
# BELS                             : 107
#      GND                         : 1
#      LUT2                        : 4
#      LUT3                        : 10
#      LUT4                        : 39
#      LUT4_D                      : 1
#      MUXCY                       : 27
#      MUXF5                       : 2
#      VCC                         : 1
#      XORCY                       : 22
# FlipFlops/Latches                : 38
#      FD                          : 1
#      FDC                         : 1
#      FDCE                        : 15
#      FDE                         : 1
#      FDP                         : 2
#      FDPE                        : 8
#      FDRE                        : 8
#      FDS                         : 1
#      LD_1                        : 1
# Clock Buffers                    : 1
#      BUFGP                       : 1
# IO Buffers                       : 31
#      IBUF                        : 10
#      OBUF                        : 21
=========================================================================

Device utilization summary:
---------------------------

Selected Device : 3s1000ft256-5 

 Number of Slices:                       30  out of   7680     0%  
 Number of Slice Flip Flops:             38  out of  15360     0%  
 Number of 4 input LUTs:                 54  out of  15360     0%  
 Number of IOs:                          32
 Number of bonded IOBs:                  32  out of    173    18%  
 Number of GCLKs:                         1  out of      8    12%  

---------------------------
Partition Resource Summary:
---------------------------

  No Partitions were found in this design.

---------------------------


=========================================================================
TIMING REPORT

NOTE: THESE TIMING NUMBERS ARE ONLY A SYNTHESIS ESTIMATE.
      FOR ACCURATE TIMING INFORMATION PLEASE REFER TO THE TRACE REPORT
      GENERATED AFTER PLACE-and-ROUTE.

Clock Information:
------------------
-----------------------------------------------------------------------+----------------------------+-------+
Clock Signal                                                           | Clock buffer(FF name)      | Load  |
-----------------------------------------------------------------------+----------------------------+-------+
cerrojoInstance/ESTADO_cmp_eq0007(cerrojoInstance/ESTADO_cmp_eq00071:O)| NONE(*)(cerrojoInstance/ld)| 1     |
clk                                                                    | BUFGP                      | 37    |
-----------------------------------------------------------------------+----------------------------+-------+
(*) This 1 clock signal(s) are generated by combinatorial logic,
and XST is not able to identify which are the primary clock signals.
Please use the CLOCK_SIGNAL constraint to specify the clock signal(s) generated by combinatorial logic.
INFO:Xst:2169 - HDL ADVISOR - Some clock signals were not automatically buffered by XST with BUFG/BUFR resources. Please use the buffer_type constraint in order to insert these buffers to the clock signals to help prevent skew problems.

Asynchronous Control Signals Information:
----------------------------------------
-----------------------------------+------------------------+-------+
Control Signal                     | Buffer(FF name)        | Load  |
-----------------------------------+------------------------+-------+
rst                                | IBUF                   | 26    |
-----------------------------------+------------------------+-------+

Timing Summary:
---------------
Speed Grade: -5

   Minimum period: 6.179ns (Maximum Frequency: 161.828MHz)
   Minimum input arrival time before clock: 5.890ns
   Maximum output required time after clock: 8.245ns
   Maximum combinational path delay: No path found

Timing Detail:
--------------
All values displayed in nanoseconds (ns)

=========================================================================
Timing constraint: Default period analysis for Clock 'clk'
  Clock period: 6.179ns (frequency: 161.828MHz)
  Total number of paths / destination ports: 1714 / 53
-------------------------------------------------------------------------
Delay:               6.179ns (Levels of Logic = 8)
  Source:            debouncerInstance/count_8 (FF)
  Destination:       debouncerInstance/count_21 (FF)
  Source Clock:      clk rising
  Destination Clock: clk rising

  Data Path: debouncerInstance/count_8 to debouncerInstance/count_21
                                Gate     Net
    Cell:in->out      fanout   Delay   Delay  Logical Name (Net Name)
    ----------------------------------------  ------------
     FDPE:C->Q             2   0.626   1.040  debouncerInstance/count_8 (debouncerInstance/count_8)
     LUT2:I0->O            1   0.479   0.000  debouncerInstance/timerEnd_cmp_eq0000_wg_lut<0> (debouncerInstance/timerEnd_cmp_eq0000_wg_lut<0>)
     MUXCY:S->O            1   0.435   0.000  debouncerInstance/timerEnd_cmp_eq0000_wg_cy<0> (debouncerInstance/timerEnd_cmp_eq0000_wg_cy<0>)
     MUXCY:CI->O           1   0.056   0.000  debouncerInstance/timerEnd_cmp_eq0000_wg_cy<1> (debouncerInstance/timerEnd_cmp_eq0000_wg_cy<1>)
     MUXCY:CI->O           1   0.056   0.000  debouncerInstance/timerEnd_cmp_eq0000_wg_cy<2> (debouncerInstance/timerEnd_cmp_eq0000_wg_cy<2>)
     MUXCY:CI->O           1   0.056   0.000  debouncerInstance/timerEnd_cmp_eq0000_wg_cy<3> (debouncerInstance/timerEnd_cmp_eq0000_wg_cy<3>)
     MUXCY:CI->O           1   0.056   0.000  debouncerInstance/timerEnd_cmp_eq0000_wg_cy<4> (debouncerInstance/timerEnd_cmp_eq0000_wg_cy<4>)
     MUXCY:CI->O           2   0.246   0.768  debouncerInstance/timerEnd_cmp_eq0000_wg_cy<5> (debouncerInstance/timerEnd)
     LUT4:I3->O           22   0.479   1.360  debouncerInstance/count_not00011 (debouncerInstance/count_not0001)
     FDCE:CE                   0.524          debouncerInstance/count_1
    ----------------------------------------
    Total                      6.179ns (3.011ns logic, 3.169ns route)
                                       (48.7% logic, 51.3% route)

=========================================================================
Timing constraint: Default OFFSET IN BEFORE for Clock 'clk'
  Total number of paths / destination ports: 65 / 21
-------------------------------------------------------------------------
Offset:              5.890ns (Levels of Logic = 4)
  Source:            clave<1> (PAD)
  Destination:       cerrojoInstance/ESTADO_FSM_FFd1 (FF)
  Destination Clock: clk rising

  Data Path: clave<1> to cerrojoInstance/ESTADO_FSM_FFd1
                                Gate     Net
    Cell:in->out      fanout   Delay   Delay  Logical Name (Net Name)
    ----------------------------------------  ------------
     IBUF:I->O             3   0.715   1.066  clave_1_IBUF (clave_1_IBUF)
     LUT4:I0->O            1   0.479   0.976  cerrojoInstance/ESTADO_cmp_eq0000826 (cerrojoInstance/ESTADO_cmp_eq0000826)
     LUT4_D:I0->LO         1   0.479   0.123  cerrojoInstance/ESTADO_cmp_eq00008136 (N9)
     LUT4:I3->O            1   0.479   0.681  cerrojoInstance/ESTADO_FSM_FFd1-In34 (cerrojoInstance/ESTADO_FSM_FFd1-In34)
     FDS:S                     0.892          cerrojoInstance/ESTADO_FSM_FFd1
    ----------------------------------------
    Total                      5.890ns (3.044ns logic, 2.846ns route)
                                       (51.7% logic, 48.3% route)

=========================================================================
Timing constraint: Default OFFSET OUT AFTER for Clock 'clk'
  Total number of paths / destination ports: 50 / 17
-------------------------------------------------------------------------
Offset:              8.245ns (Levels of Logic = 2)
  Source:            cerrojoInstance/ESTADO_FSM_FFd2 (FF)
  Destination:       bloqueado<9> (PAD)
  Source Clock:      clk rising

  Data Path: cerrojoInstance/ESTADO_FSM_FFd2 to bloqueado<9>
                                Gate     Net
    Cell:in->out      fanout   Delay   Delay  Logical Name (Net Name)
    ----------------------------------------  ------------
     FDE:C->Q             10   0.626   1.259  cerrojoInstance/ESTADO_FSM_FFd2 (cerrojoInstance/ESTADO_FSM_FFd2)
     LUT3:I0->O           11   0.479   0.972  cerrojoInstance/ESTADO_FSM_Out01 (bloqueado_0_OBUF)
     OBUF:I->O                 4.909          bloqueado_9_OBUF (bloqueado<9>)
    ----------------------------------------
    Total                      8.245ns (6.014ns logic, 2.231ns route)
                                       (72.9% logic, 27.1% route)

=========================================================================


Total REAL time to Xst completion: 4.00 secs
Total CPU time to Xst completion: 3.59 secs
 
--> 

Total memory usage is 4510352 kilobytes

Number of errors   :    0 (   0 filtered)
Number of warnings :    4 (   0 filtered)
Number of infos    :    2 (   0 filtered)

