--------------------------------------------------------------------------------
Release 14.1 Trace  (nt64)
Copyright (c) 1995-2012 Xilinx, Inc.  All rights reserved.

C:\Xilinx\14.1\ISE_DS\ISE\bin\nt64\unwrapped\trce.exe -e 3 -xml system.twx
system.ncd system.pcf

Design file:              system.ncd
Physical constraint file: system.pcf
Device,package,speed:     xc3s1000,ft256,-5 (PRODUCTION 1.39 2012-04-23)
Report level:             error report

Environment Variable      Effect 
--------------------      ------ 
NONE                      No environment variables were set
--------------------------------------------------------------------------------

INFO:Timing:2698 - No timing constraints found, doing default enumeration.
INFO:Timing:3412 - To improve timing, see the Timing Closure User Guide (UG612).
INFO:Timing:2752 - To get complete path coverage, use the unconstrained paths 
   option. All paths that are not constrained will be reported in the 
   unconstrained paths section(s) of the report.
INFO:Timing:3339 - The clock-to-out numbers in this timing report are based on 
   a 50 Ohm transmission line loading model.  For the details of this model, 
   and for more information on accounting for different loading conditions, 
   please see the device datasheet.
INFO:Timing:3390 - This architecture does not support a default System Jitter 
   value, please add SYSTEM_JITTER constraint to the UCF to modify the Clock 
   Uncertainty calculation.
INFO:Timing:3389 - This architecture does not support 'Discrete Jitter' and 
   'Phase Error' calculations, these terms will be zero in the Clock 
   Uncertainty calculation.  Please make appropriate modification to 
   SYSTEM_JITTER to account for the unsupported Discrete Jitter and Phase 
   Error.



Data Sheet report:
-----------------
All values displayed in nanoseconds (ns)

Setup/Hold to clock Clk_pin
------------+------------+------------+------------------+--------+
            |Max Setup to|Max Hold to |                  | Clock  |
Source      | clk (edge) | clk (edge) |Internal Clock(s) | Phase  |
------------+------------+------------+------------------+--------+
RX_pin      |    3.342(R)|   -1.221(R)|Clk_pin_BUFGP     |   0.000|
Rst_pin     |    4.420(R)|   -1.213(R)|Clk_pin_BUFGP     |   0.000|
------------+------------+------------+------------------+--------+

Clock Clk_pin to Pad
------------------------------+------------+------------------+--------+
                              | clk (edge) |                  | Clock  |
Destination                   |   to PAD   |Internal Clock(s) | Phase  |
------------------------------+------------+------------------+--------+
TX_pin                        |    6.523(R)|Clk_pin_BUFGP     |   0.000|
lcd_pantalla_0_e_pin          |   10.881(R)|Clk_pin_BUFGP     |   0.000|
lcd_pantalla_0_lcd_data_pin<0>|   10.905(R)|Clk_pin_BUFGP     |   0.000|
lcd_pantalla_0_lcd_data_pin<1>|   10.782(R)|Clk_pin_BUFGP     |   0.000|
lcd_pantalla_0_lcd_data_pin<2>|   10.205(R)|Clk_pin_BUFGP     |   0.000|
lcd_pantalla_0_lcd_data_pin<3>|   10.498(R)|Clk_pin_BUFGP     |   0.000|
lcd_pantalla_0_lcd_data_pin<4>|   11.084(R)|Clk_pin_BUFGP     |   0.000|
lcd_pantalla_0_lcd_data_pin<5>|   12.324(R)|Clk_pin_BUFGP     |   0.000|
lcd_pantalla_0_lcd_data_pin<6>|   11.319(R)|Clk_pin_BUFGP     |   0.000|
lcd_pantalla_0_lcd_data_pin<7>|   11.103(R)|Clk_pin_BUFGP     |   0.000|
lcd_pantalla_0_rs_pin         |    8.567(R)|Clk_pin_BUFGP     |   0.000|
lcd_pantalla_0_rw_pin         |    8.883(R)|Clk_pin_BUFGP     |   0.000|
------------------------------+------------+------------------+--------+

Clock to Setup on destination clock Clk_pin
---------------+---------+---------+---------+---------+
               | Src:Rise| Src:Fall| Src:Rise| Src:Fall|
Source Clock   |Dest:Rise|Dest:Rise|Dest:Fall|Dest:Fall|
---------------+---------+---------+---------+---------+
Clk_pin        |   11.018|         |         |         |
---------------+---------+---------+---------+---------+


Analysis completed Fri Feb 19 19:12:32 2021 
--------------------------------------------------------------------------------

Trace Settings:
-------------------------
Trace Settings 

Peak Memory Usage: 4544 MB



