Release 14.1 - xst P.15xf (nt64)
Copyright (c) 1995-2012 Xilinx, Inc.  All rights reserved.
--> Parameter TMPDIR set to xst/projnav.tmp


Total REAL time to Xst completion: 1.00 secs
Total CPU time to Xst completion: 0.19 secs
 
--> Parameter xsthdpdir set to xst


Total REAL time to Xst completion: 1.00 secs
Total CPU time to Xst completion: 0.19 secs
 
--> Reading design: coprocesador.prj

TABLE OF CONTENTS
  1) Synthesis Options Summary
  2) HDL Compilation
  3) Design Hierarchy Analysis
  4) HDL Analysis
  5) HDL Synthesis
     5.1) HDL Synthesis Report
  6) Advanced HDL Synthesis
     6.1) Advanced HDL Synthesis Report
  7) Low Level Synthesis
  8) Partition Report
  9) Final Report
	9.1) Device utilization summary
	9.2) Partition Resource Summary
	9.3) TIMING REPORT


=========================================================================
*                      Synthesis Options Summary                        *
=========================================================================
---- Source Parameters
Input File Name                    : "coprocesador.prj"
Input Format                       : mixed
Ignore Synthesis Constraint File   : NO

---- Target Parameters
Output File Name                   : "coprocesador"
Output Format                      : NGC
Target Device                      : xc3s1000-5-ft256

---- Source Options
Top Module Name                    : coprocesador
Automatic FSM Extraction           : YES
FSM Encoding Algorithm             : Auto
Safe Implementation                : No
FSM Style                          : LUT
RAM Extraction                     : Yes
RAM Style                          : Auto
ROM Extraction                     : Yes
Mux Style                          : Auto
Decoder Extraction                 : YES
Priority Encoder Extraction        : Yes
Shift Register Extraction          : YES
Logical Shifter Extraction         : YES
XOR Collapsing                     : YES
ROM Style                          : Auto
Mux Extraction                     : Yes
Resource Sharing                   : YES
Asynchronous To Synchronous        : NO
Multiplier Style                   : Auto
Automatic Register Balancing       : No

---- Target Options
Add IO Buffers                     : YES
Global Maximum Fanout              : 100000
Add Generic Clock Buffer(BUFG)     : 8
Register Duplication               : YES
Slice Packing                      : YES
Optimize Instantiated Primitives   : NO
Use Clock Enable                   : Yes
Use Synchronous Set                : Yes
Use Synchronous Reset              : Yes
Pack IO Registers into IOBs        : Auto
Equivalent register Removal        : YES

---- General Options
Optimization Goal                  : Speed
Optimization Effort                : 1
Keep Hierarchy                     : No
Netlist Hierarchy                  : As_Optimized
RTL Output                         : Yes
Global Optimization                : AllClockNets
Read Cores                         : YES
Write Timing Constraints           : NO
Cross Clock Analysis               : NO
Hierarchy Separator                : /
Bus Delimiter                      : <>
Case Specifier                     : Maintain
Slice Utilization Ratio            : 100
BRAM Utilization Ratio             : 100
Verilog 2001                       : YES
Auto BRAM Packing                  : NO
Slice Utilization Ratio Delta      : 5

=========================================================================


=========================================================================
*                          HDL Compilation                              *
=========================================================================
Compiling vhdl file "C:/software/electronica/xilinx/14.1/ISE_DS/EDK/hw/XilinxProcessorIPLib/pcores/proc_common_v3_00_a/hdl/vhdl/proc_common_pkg.vhd" in Library proc_common_v3_00_a.
Package <proc_common_pkg> compiled.
Package body <proc_common_pkg> compiled.
Compiling vhdl file "C:/software/electronica/xilinx/14.1/ISE_DS/EDK/hw/XilinxProcessorIPLib/pcores/proc_common_v3_00_a/hdl/vhdl/or_muxcy.vhd" in Library proc_common_v3_00_a.
Entity <or_muxcy> compiled.
Entity <or_muxcy> (Architecture <implementation>) compiled.
Compiling vhdl file "C:/software/electronica/xilinx/14.1/ISE_DS/EDK/hw/XilinxProcessorIPLib/pcores/proc_common_v3_00_a/hdl/vhdl/family_support.vhd" in Library proc_common_v3_00_a.
Package <family_support> compiled.
Package body <family_support> compiled.
Compiling vhdl file "C:/software/electronica/xilinx/14.1/ISE_DS/EDK/hw/XilinxProcessorIPLib/pcores/proc_common_v3_00_a/hdl/vhdl/counter_f.vhd" in Library proc_common_v3_00_a.
Entity <counter_f> compiled.
Entity <counter_f> (Architecture <imp>) compiled.
Compiling vhdl file "C:/software/electronica/xilinx/14.1/ISE_DS/EDK/hw/XilinxProcessorIPLib/pcores/proc_common_v3_00_a/hdl/vhdl/pselect_f.vhd" in Library proc_common_v3_00_a.
Entity <pselect_f> compiled.
Entity <pselect_f> (Architecture <imp>) compiled.
Compiling vhdl file "C:/software/electronica/xilinx/14.1/ISE_DS/EDK/hw/XilinxProcessorIPLib/pcores/proc_common_v3_00_a/hdl/vhdl/or_gate128.vhd" in Library proc_common_v3_00_a.
Entity <or_gate128> compiled.
Entity <or_gate128> (Architecture <imp>) compiled.
Compiling vhdl file "C:/software/electronica/xilinx/14.1/ISE_DS/EDK/hw/XilinxProcessorIPLib/pcores/proc_common_v3_00_a/hdl/vhdl/ipif_pkg.vhd" in Library proc_common_v3_00_a.
Package <ipif_pkg> compiled.
Package body <ipif_pkg> compiled.
Compiling vhdl file "C:/software/electronica/xilinx/14.1/ISE_DS/EDK/hw/XilinxProcessorIPLib/pcores/plbv46_slave_single_v1_01_a/hdl/vhdl/plb_address_decoder.vhd" in Library plbv46_slave_single_v1_01_a.
Entity <plb_address_decoder> compiled.
Entity <plb_address_decoder> (Architecture <IMP>) compiled.
Compiling vhdl file "C:/software/electronica/xilinx/14.1/ISE_DS/EDK/hw/XilinxProcessorIPLib/pcores/plbv46_slave_single_v1_01_a/hdl/vhdl/plb_slave_attachment.vhd" in Library plbv46_slave_single_v1_01_a.
Entity <plb_slave_attachment> compiled.
Entity <plb_slave_attachment> (Architecture <implementation>) compiled.
Compiling vhdl file "C:/software/electronica/xilinx/14.1/ISE_DS/EDK/hw/XilinxProcessorIPLib/pcores/plbv46_slave_single_v1_01_a/hdl/vhdl/plbv46_slave_single.vhd" in Library plbv46_slave_single_v1_01_a.
Entity <plbv46_slave_single> compiled.
Entity <plbv46_slave_single> (Architecture <implementation>) compiled.
Compiling vhdl file "U:/hlocal/P2_SE/pcores/coprocesador_v1_00_a/hdl/vhdl/user_logic.vhd" in Library coprocesador_v1_00_a.
Entity <user_logic> compiled.
Entity <user_logic> (Architecture <IMP>) compiled.
Compiling vhdl file "U:/hlocal/P2_SE/pcores/coprocesador_v1_00_a/hdl/vhdl/coprocesador.vhd" in Library coprocesador_v1_00_a.
Entity <coprocesador> compiled.
Entity <coprocesador> (Architecture <IMP>) compiled.

=========================================================================
*                     Design Hierarchy Analysis                         *
=========================================================================
Analyzing hierarchy for entity <coprocesador> in library <coprocesador_v1_00_a> (architecture <IMP>) with generics.
	C_BASEADDR = "11111111111111111111111111111111"
	C_FAMILY = "virtex6"
	C_HIGHADDR = "00000000000000000000000000000000"
	C_INCLUDE_DPHASE_TIMER = 0
	C_SPLB_AWIDTH = 32
	C_SPLB_CLK_PERIOD_PS = 10000
	C_SPLB_DWIDTH = 128
	C_SPLB_MID_WIDTH = 3
	C_SPLB_NATIVE_DWIDTH = 32
	C_SPLB_NUM_MASTERS = 8
	C_SPLB_P2P = 0
	C_SPLB_SMALLEST_MASTER = 32
	C_SPLB_SUPPORT_BURSTS = 0

Analyzing hierarchy for entity <plbv46_slave_single> in library <plbv46_slave_single_v1_01_a> (architecture <implementation>) with generics.
	C_ARD_ADDR_RANGE_ARRAY = ("0000000000000000000000000000000011111111111111111111111111111111",
	                          "0000000000000000000000000000000000000000000000000000000000000000")
	C_ARD_NUM_CE_ARRAY = (4)
	C_BUS2CORE_CLK_RATIO = 1
	C_FAMILY = "virtex6"
	C_INCLUDE_DPHASE_TIMER = 0
	C_SIPIF_DWIDTH = 32
	C_SPLB_AWIDTH = 32
	C_SPLB_DWIDTH = 128
	C_SPLB_MID_WIDTH = 3
	C_SPLB_NUM_MASTERS = 8
	C_SPLB_P2P = 0

Analyzing hierarchy for entity <user_logic> in library <coprocesador_v1_00_a> (architecture <IMP>) with generics.
	C_NUM_REG = 4
	C_SLV_DWIDTH = 32

Analyzing hierarchy for entity <plb_slave_attachment> in library <plbv46_slave_single_v1_01_a> (architecture <implementation>) with generics.
	C_ARD_ADDR_RANGE_ARRAY = ("0000000000000000000000000000000011111111111111111111111111111111",
	                          "0000000000000000000000000000000000000000000000000000000000000000")
	C_ARD_NUM_CE_ARRAY = (4)
	C_BUS2CORE_CLK_RATIO = 1
	C_DPHASE_TIMEOUT = 128
	C_FAMILY = "virtex6"
	C_INCLUDE_DPHASE_TIMER = 0
	C_IPIF_ABUS_WIDTH = 32
	C_IPIF_DBUS_WIDTH = 32
	C_PLB_MID_WIDTH = 3
	C_PLB_NUM_MASTERS = 8
	C_SPLB_P2P = 0

Analyzing hierarchy for entity <plb_address_decoder> in library <plbv46_slave_single_v1_01_a> (architecture <IMP>) with generics.
	C_ARD_ADDR_RANGE_ARRAY = ("0000000000000000000000000000000011111111111111111111111111111111",
	                          "0000000000000000000000000000000000000000000000000000000000000000")
	C_ARD_NUM_CE_ARRAY = (4)
	C_BUS_AWIDTH = 32
	C_FAMILY = "nofamily"
	C_SPLB_P2P = 0

Analyzing hierarchy for entity <pselect_f> in library <proc_common_v3_00_a> (architecture <imp>) with generics.
	C_AB = 0
	C_AW = 32
	C_BAR = "11111111111111111111111111111111"
	C_FAMILY = "nofamily"

Analyzing hierarchy for entity <pselect_f> in library <proc_common_v3_00_a> (architecture <imp>) with generics.
	C_AB = 2
	C_AW = 2
	C_BAR = "00"
	C_FAMILY = "nofamily"

Analyzing hierarchy for entity <pselect_f> in library <proc_common_v3_00_a> (architecture <imp>) with generics.
	C_AB = 2
	C_AW = 2
	C_BAR = "01"
	C_FAMILY = "nofamily"

Analyzing hierarchy for entity <pselect_f> in library <proc_common_v3_00_a> (architecture <imp>) with generics.
	C_AB = 2
	C_AW = 2
	C_BAR = "10"
	C_FAMILY = "nofamily"

Analyzing hierarchy for entity <pselect_f> in library <proc_common_v3_00_a> (architecture <imp>) with generics.
	C_AB = 2
	C_AW = 2
	C_BAR = "11"
	C_FAMILY = "nofamily"

Analyzing hierarchy for entity <or_gate128> in library <proc_common_v3_00_a> (architecture <imp>) with generics.
	C_BUS_WIDTH = 1
	C_OR_WIDTH = 1
	C_USE_LUT_OR = false

Analyzing hierarchy for entity <or_muxcy> in library <proc_common_v3_00_a> (architecture <implementation>) with generics.
	C_NUM_BITS = 1


=========================================================================
*                            HDL Analysis                               *
=========================================================================
Analyzing generic Entity <coprocesador> in library <coprocesador_v1_00_a> (Architecture <IMP>).
	C_BASEADDR = "11111111111111111111111111111111"
	C_FAMILY = "virtex6"
	C_HIGHADDR = "00000000000000000000000000000000"
	C_INCLUDE_DPHASE_TIMER = 0
	C_SPLB_AWIDTH = 32
	C_SPLB_CLK_PERIOD_PS = 10000
	C_SPLB_DWIDTH = 128
	C_SPLB_MID_WIDTH = 3
	C_SPLB_NATIVE_DWIDTH = 32
	C_SPLB_NUM_MASTERS = 8
	C_SPLB_P2P = 0
	C_SPLB_SMALLEST_MASTER = 32
	C_SPLB_SUPPORT_BURSTS = 0
WARNING:Xst:37 - Detected unknown constraint/property "SIGIS". This constraint/property is not supported by the current software release and will be ignored.
WARNING:Xst:37 - Detected unknown constraint/property "SIGIS". This constraint/property is not supported by the current software release and will be ignored.
WARNING:Xst:37 - Detected unknown constraint/property "SIGIS". This constraint/property is not supported by the current software release and will be ignored.
WARNING:Xst:37 - Detected unknown constraint/property "SIGIS". This constraint/property is not supported by the current software release and will be ignored.
Entity <coprocesador> analyzed. Unit <coprocesador> generated.

Analyzing generic Entity <plbv46_slave_single> in library <plbv46_slave_single_v1_01_a> (Architecture <implementation>).
	C_ARD_ADDR_RANGE_ARRAY = ("0000000000000000000000000000000011111111111111111111111111111111",
	                          "0000000000000000000000000000000000000000000000000000000000000000")
	C_ARD_NUM_CE_ARRAY = (4)
	C_BUS2CORE_CLK_RATIO = 1
	C_FAMILY = "virtex6"
	C_INCLUDE_DPHASE_TIMER = 0
	C_SIPIF_DWIDTH = 32
	C_SPLB_AWIDTH = 32
	C_SPLB_DWIDTH = 128
	C_SPLB_MID_WIDTH = 3
	C_SPLB_NUM_MASTERS = 8
	C_SPLB_P2P = 0
INFO:Xst:1561 - "C:/software/electronica/xilinx/14.1/ISE_DS/EDK/hw/XilinxProcessorIPLib/pcores/plbv46_slave_single_v1_01_a/hdl/vhdl/plbv46_slave_single.vhd" line 535: Mux is complete : default of case is discarded
Entity <plbv46_slave_single> analyzed. Unit <plbv46_slave_single> generated.

Analyzing generic Entity <plb_slave_attachment> in library <plbv46_slave_single_v1_01_a> (Architecture <implementation>).
	C_ARD_ADDR_RANGE_ARRAY = ("0000000000000000000000000000000011111111111111111111111111111111",
	                          "0000000000000000000000000000000000000000000000000000000000000000")
	C_ARD_NUM_CE_ARRAY = (4)
	C_BUS2CORE_CLK_RATIO = 1
	C_DPHASE_TIMEOUT = 128
	C_FAMILY = "virtex6"
	C_INCLUDE_DPHASE_TIMER = 0
	C_IPIF_ABUS_WIDTH = 32
	C_IPIF_DBUS_WIDTH = 32
	C_PLB_MID_WIDTH = 3
	C_PLB_NUM_MASTERS = 8
	C_SPLB_P2P = 0
Entity <plb_slave_attachment> analyzed. Unit <plb_slave_attachment> generated.

Analyzing generic Entity <plb_address_decoder> in library <plbv46_slave_single_v1_01_a> (Architecture <IMP>).
	C_ARD_ADDR_RANGE_ARRAY = ("0000000000000000000000000000000011111111111111111111111111111111",
	                          "0000000000000000000000000000000000000000000000000000000000000000")
	C_ARD_NUM_CE_ARRAY = (4)
	C_BUS_AWIDTH = 32
	C_FAMILY = "nofamily"
	C_SPLB_P2P = 0
Entity <plb_address_decoder> analyzed. Unit <plb_address_decoder> generated.

Analyzing generic Entity <pselect_f.1> in library <proc_common_v3_00_a> (Architecture <imp>).
	C_AB = 0
	C_AW = 32
	C_BAR = "11111111111111111111111111111111"
	C_FAMILY = "nofamily"
Entity <pselect_f.1> analyzed. Unit <pselect_f.1> generated.

Analyzing generic Entity <pselect_f.2> in library <proc_common_v3_00_a> (Architecture <imp>).
	C_AB = 2
	C_AW = 2
	C_BAR = "00"
	C_FAMILY = "nofamily"
Entity <pselect_f.2> analyzed. Unit <pselect_f.2> generated.

Analyzing generic Entity <pselect_f.3> in library <proc_common_v3_00_a> (Architecture <imp>).
	C_AB = 2
	C_AW = 2
	C_BAR = "01"
	C_FAMILY = "nofamily"
Entity <pselect_f.3> analyzed. Unit <pselect_f.3> generated.

Analyzing generic Entity <pselect_f.4> in library <proc_common_v3_00_a> (Architecture <imp>).
	C_AB = 2
	C_AW = 2
	C_BAR = "10"
	C_FAMILY = "nofamily"
Entity <pselect_f.4> analyzed. Unit <pselect_f.4> generated.

Analyzing generic Entity <pselect_f.5> in library <proc_common_v3_00_a> (Architecture <imp>).
	C_AB = 2
	C_AW = 2
	C_BAR = "11"
	C_FAMILY = "nofamily"
Entity <pselect_f.5> analyzed. Unit <pselect_f.5> generated.

Analyzing generic Entity <or_gate128> in library <proc_common_v3_00_a> (Architecture <imp>).
	C_BUS_WIDTH = 1
	C_OR_WIDTH = 1
	C_USE_LUT_OR = false
Entity <or_gate128> analyzed. Unit <or_gate128> generated.

Analyzing generic Entity <or_muxcy> in library <proc_common_v3_00_a> (Architecture <implementation>).
	C_NUM_BITS = 1
Entity <or_muxcy> analyzed. Unit <or_muxcy> generated.

Analyzing generic Entity <user_logic> in library <coprocesador_v1_00_a> (Architecture <IMP>).
	C_NUM_REG = 4
	C_SLV_DWIDTH = 32
WARNING:Xst:37 - Detected unknown constraint/property "SIGIS". This constraint/property is not supported by the current software release and will be ignored.
WARNING:Xst:37 - Detected unknown constraint/property "SIGIS". This constraint/property is not supported by the current software release and will be ignored.
Entity <user_logic> analyzed. Unit <user_logic> generated.


=========================================================================
*                           HDL Synthesis                               *
=========================================================================

Performing bidirectional port resolution...

Synthesizing Unit <user_logic>.
    Related source file is "U:/hlocal/P2_SE/pcores/coprocesador_v1_00_a/hdl/vhdl/user_logic.vhd".
    Found 32-bit register for signal <slv_reg0>.
    Found 32-bit register for signal <slv_reg1>.
    Found 32-bit register for signal <slv_reg2>.
    Found 32-bit register for signal <slv_reg3>.
    Found 32-bit addsub for signal <slv_reg3$mux0002>.
    Summary:
	inferred 128 D-type flip-flop(s).
	inferred   1 Adder/Subtractor(s).
Unit <user_logic> synthesized.


Synthesizing Unit <pselect_f_1>.
    Related source file is "C:/software/electronica/xilinx/14.1/ISE_DS/EDK/hw/XilinxProcessorIPLib/pcores/proc_common_v3_00_a/hdl/vhdl/pselect_f.vhd".
WARNING:Xst:647 - Input <A> is never used. This port will be preserved and left unconnected if it belongs to a top-level block or it belongs to a sub-block and the hierarchy of this sub-block is preserved.
Unit <pselect_f_1> synthesized.


Synthesizing Unit <pselect_f_2>.
    Related source file is "C:/software/electronica/xilinx/14.1/ISE_DS/EDK/hw/XilinxProcessorIPLib/pcores/proc_common_v3_00_a/hdl/vhdl/pselect_f.vhd".
Unit <pselect_f_2> synthesized.


Synthesizing Unit <pselect_f_3>.
    Related source file is "C:/software/electronica/xilinx/14.1/ISE_DS/EDK/hw/XilinxProcessorIPLib/pcores/proc_common_v3_00_a/hdl/vhdl/pselect_f.vhd".
Unit <pselect_f_3> synthesized.


Synthesizing Unit <pselect_f_4>.
    Related source file is "C:/software/electronica/xilinx/14.1/ISE_DS/EDK/hw/XilinxProcessorIPLib/pcores/proc_common_v3_00_a/hdl/vhdl/pselect_f.vhd".
Unit <pselect_f_4> synthesized.


Synthesizing Unit <pselect_f_5>.
    Related source file is "C:/software/electronica/xilinx/14.1/ISE_DS/EDK/hw/XilinxProcessorIPLib/pcores/proc_common_v3_00_a/hdl/vhdl/pselect_f.vhd".
Unit <pselect_f_5> synthesized.


Synthesizing Unit <or_muxcy>.
    Related source file is "C:/software/electronica/xilinx/14.1/ISE_DS/EDK/hw/XilinxProcessorIPLib/pcores/proc_common_v3_00_a/hdl/vhdl/or_muxcy.vhd".
Unit <or_muxcy> synthesized.


Synthesizing Unit <or_gate128>.
    Related source file is "C:/software/electronica/xilinx/14.1/ISE_DS/EDK/hw/XilinxProcessorIPLib/pcores/proc_common_v3_00_a/hdl/vhdl/or_gate128.vhd".
WARNING:Xst:1780 - Signal <test> is never used or assigned. This unconnected signal will be trimmed during the optimization process.
Unit <or_gate128> synthesized.


Synthesizing Unit <plb_address_decoder>.
    Related source file is "C:/software/electronica/xilinx/14.1/ISE_DS/EDK/hw/XilinxProcessorIPLib/pcores/plbv46_slave_single_v1_01_a/hdl/vhdl/plb_address_decoder.vhd".
WARNING:Xst:647 - Input <Bus_RNW_Erly> is never used. This port will be preserved and left unconnected if it belongs to a top-level block or it belongs to a sub-block and the hierarchy of this sub-block is preserved.
WARNING:Xst:647 - Input <Address_In_Erly> is never used. This port will be preserved and left unconnected if it belongs to a top-level block or it belongs to a sub-block and the hierarchy of this sub-block is preserved.
WARNING:Xst:647 - Input <Address_Valid_Erly> is never used. This port will be preserved and left unconnected if it belongs to a top-level block or it belongs to a sub-block and the hierarchy of this sub-block is preserved.
WARNING:Xst:646 - Signal <cs_s_h_clr> is assigned but never used. This unconnected signal will be trimmed during the optimization process.
WARNING:Xst:646 - Signal <cs_ce_clr> is assigned but never used. This unconnected signal will be trimmed during the optimization process.
WARNING:Xst:646 - Signal <addr_out_s_h<2:3>> is assigned but never used. This unconnected signal will be trimmed during the optimization process.
WARNING:Xst:646 - Signal <addr_match_clr> is assigned but never used. This unconnected signal will be trimmed during the optimization process.
    Found 4-bit register for signal <addr_out_s_h>.
    Found 1-bit register for signal <cs_out_i<0>>.
    Found 1-bit register for signal <cs_out_s_h<0>>.
    Found 1-bit register for signal <decode_hit_reg>.
    Found 4-bit register for signal <rdce_out_i>.
    Found 1-bit register for signal <rnw_s_h>.
    Found 4-bit register for signal <wrce_out_i>.
    Summary:
	inferred  16 D-type flip-flop(s).
Unit <plb_address_decoder> synthesized.


Synthesizing Unit <plb_slave_attachment>.
    Related source file is "C:/software/electronica/xilinx/14.1/ISE_DS/EDK/hw/XilinxProcessorIPLib/pcores/plbv46_slave_single_v1_01_a/hdl/vhdl/plb_slave_attachment.vhd".
WARNING:Xst:647 - Input <PLB_UABus> is never used. This port will be preserved and left unconnected if it belongs to a top-level block or it belongs to a sub-block and the hierarchy of this sub-block is preserved.
WARNING:Xst:1780 - Signal <valid_plb_type> is never used or assigned. This unconnected signal will be trimmed during the optimization process.
WARNING:Xst:1780 - Signal <valid_plb_size> is never used or assigned. This unconnected signal will be trimmed during the optimization process.
WARNING:Xst:646 - Signal <start_data_phase> is assigned but never used. This unconnected signal will be trimmed during the optimization process.
WARNING:Xst:1780 - Signal <sl_wrdack_ns> is never used or assigned. This unconnected signal will be trimmed during the optimization process.
WARNING:Xst:1780 - Signal <sl_wrcomp_ns> is never used or assigned. This unconnected signal will be trimmed during the optimization process.
WARNING:Xst:1780 - Signal <sl_wait_ns> is never used or assigned. This unconnected signal will be trimmed during the optimization process.
WARNING:Xst:1780 - Signal <sl_rddack_ns> is never used or assigned. This unconnected signal will be trimmed during the optimization process.
WARNING:Xst:1780 - Signal <sl_rdcomp_ns> is never used or assigned. This unconnected signal will be trimmed during the optimization process.
WARNING:Xst:1780 - Signal <sl_data_ack> is never used or assigned. This unconnected signal will be trimmed during the optimization process.
WARNING:Xst:1780 - Signal <set_sl_busy_ns> is never used or assigned. This unconnected signal will be trimmed during the optimization process.
WARNING:Xst:1780 - Signal <rd_ce_ld_enable> is never used or assigned. This unconnected signal will be trimmed during the optimization process.
WARNING:Xst:1780 - Signal <clear_sl_rd_busy_ns> is never used or assigned. This unconnected signal will be trimmed during the optimization process.
WARNING:Xst:1780 - Signal <clear_sl_rd_busy> is never used or assigned. This unconnected signal will be trimmed during the optimization process.
WARNING:Xst:1780 - Signal <clear_sl_busy_ns> is never used or assigned. This unconnected signal will be trimmed during the optimization process.
WARNING:Xst:1780 - Signal <clear_rd_ce> is never used or assigned. This unconnected signal will be trimmed during the optimization process.
    Register <sl_rdcomp_i> equivalent to <rd_clear_sl_busy> has been removed
    Register <sl_rddack_i> equivalent to <rd_clear_sl_busy> has been removed
    Register <sl_addrack_i> equivalent to <set_sl_busy> has been removed
    Register <sl_wrdack_i> equivalent to <sl_wrcomp_i> has been removed
    Register <wr_clear_sl_busy> equivalent to <sl_wrcomp_i> has been removed
    Found 1-bit register for signal <addr_cntl_cs<0>>.
    Found 1-bit register for signal <addr_cycle_flush>.
    Found 32-bit register for signal <bus2ip_addr_i>.
    Found 4-bit register for signal <bus2ip_be_i>.
    Found 1-bit register for signal <bus2ip_rnw_i>.
    Found 3-bit register for signal <master_id>.
    Found 32-bit register for signal <plb_abus_reg>.
    Found 4-bit register for signal <plb_be_reg>.
    Found 3-bit register for signal <plb_masterid_reg>.
    Found 1-bit register for signal <plb_pavalid_reg>.
    Found 1-bit register for signal <plb_rnw_reg>.
    Found 4-bit register for signal <plb_size_reg>.
    Found 3-bit register for signal <plb_type_reg>.
    Found 32-bit register for signal <plb_wrdbus_reg>.
    Found 1-bit register for signal <rd_clear_sl_busy>.
    Found 1-bit register for signal <set_sl_busy>.
    Found 1-bit register for signal <sl_busy>.
    Found 8-bit register for signal <sl_mbusy_i>.
    Found 8-bit register for signal <sl_mrderr_i>.
    Found 8-bit register for signal <sl_mwrerr_i>.
    Found 32-bit register for signal <sl_rddbus_i>.
    Found 1-bit register for signal <sl_rearbitrate_i>.
    Found 1-bit register for signal <sl_wrcomp_i>.
    Summary:
	inferred 183 D-type flip-flop(s).
Unit <plb_slave_attachment> synthesized.


Synthesizing Unit <plbv46_slave_single>.
    Related source file is "C:/software/electronica/xilinx/14.1/ISE_DS/EDK/hw/XilinxProcessorIPLib/pcores/plbv46_slave_single_v1_01_a/hdl/vhdl/plbv46_slave_single.vhd".
WARNING:Xst:647 - Input <PLB_wrPrim> is never used. This port will be preserved and left unconnected if it belongs to a top-level block or it belongs to a sub-block and the hierarchy of this sub-block is preserved.
WARNING:Xst:647 - Input <PLB_MSize> is never used. This port will be preserved and left unconnected if it belongs to a top-level block or it belongs to a sub-block and the hierarchy of this sub-block is preserved.
WARNING:Xst:647 - Input <PLB_rdBurst> is never used. This port will be preserved and left unconnected if it belongs to a top-level block or it belongs to a sub-block and the hierarchy of this sub-block is preserved.
WARNING:Xst:647 - Input <PLB_SAValid> is never used. This port will be preserved and left unconnected if it belongs to a top-level block or it belongs to a sub-block and the hierarchy of this sub-block is preserved.
WARNING:Xst:647 - Input <PLB_wrPendReq> is never used. This port will be preserved and left unconnected if it belongs to a top-level block or it belongs to a sub-block and the hierarchy of this sub-block is preserved.
WARNING:Xst:647 - Input <PLB_wrPendPri> is never used. This port will be preserved and left unconnected if it belongs to a top-level block or it belongs to a sub-block and the hierarchy of this sub-block is preserved.
WARNING:Xst:647 - Input <PLB_rdPendReq> is never used. This port will be preserved and left unconnected if it belongs to a top-level block or it belongs to a sub-block and the hierarchy of this sub-block is preserved.
WARNING:Xst:647 - Input <PLB_rdPendPri> is never used. This port will be preserved and left unconnected if it belongs to a top-level block or it belongs to a sub-block and the hierarchy of this sub-block is preserved.
WARNING:Xst:647 - Input <PLB_busLock> is never used. This port will be preserved and left unconnected if it belongs to a top-level block or it belongs to a sub-block and the hierarchy of this sub-block is preserved.
WARNING:Xst:647 - Input <PLB_wrDBus<32:127>> is never used. This port will be preserved and left unconnected if it belongs to a top-level block or it belongs to a sub-block and the hierarchy of this sub-block is preserved.
WARNING:Xst:647 - Input <PLB_reqPri> is never used. This port will be preserved and left unconnected if it belongs to a top-level block or it belongs to a sub-block and the hierarchy of this sub-block is preserved.
WARNING:Xst:647 - Input <PLB_lockErr> is never used. This port will be preserved and left unconnected if it belongs to a top-level block or it belongs to a sub-block and the hierarchy of this sub-block is preserved.
WARNING:Xst:647 - Input <PLB_wrBurst> is never used. This port will be preserved and left unconnected if it belongs to a top-level block or it belongs to a sub-block and the hierarchy of this sub-block is preserved.
WARNING:Xst:647 - Input <PLB_TAttribute> is never used. This port will be preserved and left unconnected if it belongs to a top-level block or it belongs to a sub-block and the hierarchy of this sub-block is preserved.
WARNING:Xst:647 - Input <PLB_rdPrim> is never used. This port will be preserved and left unconnected if it belongs to a top-level block or it belongs to a sub-block and the hierarchy of this sub-block is preserved.
WARNING:Xst:647 - Input <PLB_abort> is never used. This port will be preserved and left unconnected if it belongs to a top-level block or it belongs to a sub-block and the hierarchy of this sub-block is preserved.
    Found 4-bit 4-to-1 multiplexer for signal <plb_be_muxed>.
    Summary:
	inferred   4 Multiplexer(s).
Unit <plbv46_slave_single> synthesized.


Synthesizing Unit <coprocesador>.
    Related source file is "U:/hlocal/P2_SE/pcores/coprocesador_v1_00_a/hdl/vhdl/coprocesador.vhd".
WARNING:Xst:646 - Signal <ipif_Bus2IP_RNW> is assigned but never used. This unconnected signal will be trimmed during the optimization process.
WARNING:Xst:646 - Signal <ipif_Bus2IP_CS<0>> is assigned but never used. This unconnected signal will be trimmed during the optimization process.
WARNING:Xst:646 - Signal <ipif_Bus2IP_Addr> is assigned but never used. This unconnected signal will be trimmed during the optimization process.
Unit <coprocesador> synthesized.

INFO:Xst:1767 - HDL ADVISOR - Resource sharing has identified that some arithmetic operations in this design can share the same physical resources for reduced device utilization. For improved clock frequency you may try to disable resource sharing.

=========================================================================
HDL Synthesis Report

Macro Statistics
# Adders/Subtractors                                   : 1
 32-bit addsub                                         : 1
# Registers                                            : 154
 1-bit register                                        : 142
 3-bit register                                        : 3
 32-bit register                                       : 5
 4-bit register                                        : 4
# Multiplexers                                         : 1
 4-bit 4-to-1 multiplexer                              : 1

=========================================================================

=========================================================================
*                       Advanced HDL Synthesis                          *
=========================================================================

WARNING:Xst:1710 - FF/Latch <sl_mwrerr_i_1> (without init value) has a constant value of 0 in block <I_SLAVE_ATTACHMENT>. This FF/Latch will be trimmed during the optimization process.
WARNING:Xst:1710 - FF/Latch <sl_mwrerr_i_0> (without init value) has a constant value of 0 in block <I_SLAVE_ATTACHMENT>. This FF/Latch will be trimmed during the optimization process.
WARNING:Xst:1710 - FF/Latch <sl_mwrerr_i_2> (without init value) has a constant value of 0 in block <I_SLAVE_ATTACHMENT>. This FF/Latch will be trimmed during the optimization process.
WARNING:Xst:1710 - FF/Latch <sl_mwrerr_i_4> (without init value) has a constant value of 0 in block <I_SLAVE_ATTACHMENT>. This FF/Latch will be trimmed during the optimization process.
WARNING:Xst:1710 - FF/Latch <sl_mwrerr_i_3> (without init value) has a constant value of 0 in block <I_SLAVE_ATTACHMENT>. This FF/Latch will be trimmed during the optimization process.
WARNING:Xst:1710 - FF/Latch <sl_mwrerr_i_5> (without init value) has a constant value of 0 in block <I_SLAVE_ATTACHMENT>. This FF/Latch will be trimmed during the optimization process.
WARNING:Xst:1710 - FF/Latch <sl_mwrerr_i_6> (without init value) has a constant value of 0 in block <I_SLAVE_ATTACHMENT>. This FF/Latch will be trimmed during the optimization process.
WARNING:Xst:1710 - FF/Latch <sl_mwrerr_i_7> (without init value) has a constant value of 0 in block <I_SLAVE_ATTACHMENT>. This FF/Latch will be trimmed during the optimization process.
WARNING:Xst:1710 - FF/Latch <sl_mrderr_i_0> (without init value) has a constant value of 0 in block <I_SLAVE_ATTACHMENT>. This FF/Latch will be trimmed during the optimization process.
WARNING:Xst:1710 - FF/Latch <sl_mrderr_i_2> (without init value) has a constant value of 0 in block <I_SLAVE_ATTACHMENT>. This FF/Latch will be trimmed during the optimization process.
WARNING:Xst:1710 - FF/Latch <sl_mrderr_i_1> (without init value) has a constant value of 0 in block <I_SLAVE_ATTACHMENT>. This FF/Latch will be trimmed during the optimization process.
WARNING:Xst:1710 - FF/Latch <sl_mrderr_i_3> (without init value) has a constant value of 0 in block <I_SLAVE_ATTACHMENT>. This FF/Latch will be trimmed during the optimization process.
WARNING:Xst:1710 - FF/Latch <sl_mrderr_i_4> (without init value) has a constant value of 0 in block <I_SLAVE_ATTACHMENT>. This FF/Latch will be trimmed during the optimization process.
WARNING:Xst:1710 - FF/Latch <sl_mrderr_i_7> (without init value) has a constant value of 0 in block <I_SLAVE_ATTACHMENT>. This FF/Latch will be trimmed during the optimization process.
WARNING:Xst:1710 - FF/Latch <sl_mrderr_i_5> (without init value) has a constant value of 0 in block <I_SLAVE_ATTACHMENT>. This FF/Latch will be trimmed during the optimization process.
WARNING:Xst:1710 - FF/Latch <sl_mrderr_i_6> (without init value) has a constant value of 0 in block <I_SLAVE_ATTACHMENT>. This FF/Latch will be trimmed during the optimization process.
WARNING:Xst:2677 - Node <addr_out_s_h_3> of sequential type is unconnected in block <I_DECODER>.
WARNING:Xst:2677 - Node <addr_out_s_h_2> of sequential type is unconnected in block <I_DECODER>.
WARNING:Xst:2677 - Node <plb_abus_reg_31> of sequential type is unconnected in block <I_SLAVE_ATTACHMENT>.
WARNING:Xst:2677 - Node <plb_abus_reg_30> of sequential type is unconnected in block <I_SLAVE_ATTACHMENT>.
WARNING:Xst:2677 - Node <plb_abus_reg_27> of sequential type is unconnected in block <I_SLAVE_ATTACHMENT>.
WARNING:Xst:2677 - Node <plb_abus_reg_26> of sequential type is unconnected in block <I_SLAVE_ATTACHMENT>.
WARNING:Xst:2677 - Node <plb_abus_reg_25> of sequential type is unconnected in block <I_SLAVE_ATTACHMENT>.
WARNING:Xst:2677 - Node <plb_abus_reg_24> of sequential type is unconnected in block <I_SLAVE_ATTACHMENT>.
WARNING:Xst:2677 - Node <plb_abus_reg_23> of sequential type is unconnected in block <I_SLAVE_ATTACHMENT>.
WARNING:Xst:2677 - Node <plb_abus_reg_22> of sequential type is unconnected in block <I_SLAVE_ATTACHMENT>.
WARNING:Xst:2677 - Node <plb_abus_reg_21> of sequential type is unconnected in block <I_SLAVE_ATTACHMENT>.
WARNING:Xst:2677 - Node <plb_abus_reg_20> of sequential type is unconnected in block <I_SLAVE_ATTACHMENT>.
WARNING:Xst:2677 - Node <plb_abus_reg_19> of sequential type is unconnected in block <I_SLAVE_ATTACHMENT>.
WARNING:Xst:2677 - Node <plb_abus_reg_18> of sequential type is unconnected in block <I_SLAVE_ATTACHMENT>.
WARNING:Xst:2677 - Node <plb_abus_reg_17> of sequential type is unconnected in block <I_SLAVE_ATTACHMENT>.
WARNING:Xst:2677 - Node <plb_abus_reg_16> of sequential type is unconnected in block <I_SLAVE_ATTACHMENT>.
WARNING:Xst:2677 - Node <plb_abus_reg_15> of sequential type is unconnected in block <I_SLAVE_ATTACHMENT>.
WARNING:Xst:2677 - Node <plb_abus_reg_14> of sequential type is unconnected in block <I_SLAVE_ATTACHMENT>.
WARNING:Xst:2677 - Node <plb_abus_reg_13> of sequential type is unconnected in block <I_SLAVE_ATTACHMENT>.
WARNING:Xst:2677 - Node <plb_abus_reg_12> of sequential type is unconnected in block <I_SLAVE_ATTACHMENT>.
WARNING:Xst:2677 - Node <plb_abus_reg_11> of sequential type is unconnected in block <I_SLAVE_ATTACHMENT>.
WARNING:Xst:2677 - Node <plb_abus_reg_10> of sequential type is unconnected in block <I_SLAVE_ATTACHMENT>.
WARNING:Xst:2677 - Node <plb_abus_reg_9> of sequential type is unconnected in block <I_SLAVE_ATTACHMENT>.
WARNING:Xst:2677 - Node <plb_abus_reg_8> of sequential type is unconnected in block <I_SLAVE_ATTACHMENT>.
WARNING:Xst:2677 - Node <plb_abus_reg_7> of sequential type is unconnected in block <I_SLAVE_ATTACHMENT>.
WARNING:Xst:2677 - Node <plb_abus_reg_6> of sequential type is unconnected in block <I_SLAVE_ATTACHMENT>.
WARNING:Xst:2677 - Node <plb_abus_reg_5> of sequential type is unconnected in block <I_SLAVE_ATTACHMENT>.
WARNING:Xst:2677 - Node <plb_abus_reg_4> of sequential type is unconnected in block <I_SLAVE_ATTACHMENT>.
WARNING:Xst:2677 - Node <plb_abus_reg_3> of sequential type is unconnected in block <I_SLAVE_ATTACHMENT>.
WARNING:Xst:2677 - Node <plb_abus_reg_2> of sequential type is unconnected in block <I_SLAVE_ATTACHMENT>.
WARNING:Xst:2677 - Node <plb_abus_reg_1> of sequential type is unconnected in block <I_SLAVE_ATTACHMENT>.
WARNING:Xst:2677 - Node <plb_abus_reg_0> of sequential type is unconnected in block <I_SLAVE_ATTACHMENT>.
WARNING:Xst:2677 - Node <addr_out_s_h_3> of sequential type is unconnected in block <plb_address_decoder>.
WARNING:Xst:2677 - Node <addr_out_s_h_2> of sequential type is unconnected in block <plb_address_decoder>.

=========================================================================
Advanced HDL Synthesis Report

Macro Statistics
# Adders/Subtractors                                   : 1
 32-bit addsub                                         : 1
# Registers                                            : 325
 Flip-Flops                                            : 325
# Multiplexers                                         : 1
 4-bit 4-to-1 multiplexer                              : 1

=========================================================================

=========================================================================
*                         Low Level Synthesis                           *
=========================================================================
INFO:Xst:2261 - The FF/Latch <addr_cntl_cs_0> in Unit <plb_slave_attachment> is equivalent to the following FF/Latch, which will be removed : <addr_cycle_flush> 

Optimizing unit <coprocesador> ...

Optimizing unit <user_logic> ...

Optimizing unit <plb_address_decoder> ...

Optimizing unit <plb_slave_attachment> ...
WARNING:Xst:1710 - FF/Latch <PLBV46_SLAVE_SINGLE_I/I_SLAVE_ATTACHMENT/sl_mrderr_i_7> (without init value) has a constant value of 0 in block <coprocesador>. This FF/Latch will be trimmed during the optimization process.
WARNING:Xst:1895 - Due to other FF/Latch trimming, FF/Latch <PLBV46_SLAVE_SINGLE_I/I_SLAVE_ATTACHMENT/sl_mrderr_i_6> (without init value) has a constant value of 0 in block <coprocesador>. This FF/Latch will be trimmed during the optimization process.
WARNING:Xst:1895 - Due to other FF/Latch trimming, FF/Latch <PLBV46_SLAVE_SINGLE_I/I_SLAVE_ATTACHMENT/sl_mrderr_i_5> (without init value) has a constant value of 0 in block <coprocesador>. This FF/Latch will be trimmed during the optimization process.
WARNING:Xst:1895 - Due to other FF/Latch trimming, FF/Latch <PLBV46_SLAVE_SINGLE_I/I_SLAVE_ATTACHMENT/sl_mrderr_i_3> (without init value) has a constant value of 0 in block <coprocesador>. This FF/Latch will be trimmed during the optimization process.
WARNING:Xst:1895 - Due to other FF/Latch trimming, FF/Latch <PLBV46_SLAVE_SINGLE_I/I_SLAVE_ATTACHMENT/sl_mrderr_i_2> (without init value) has a constant value of 0 in block <coprocesador>. This FF/Latch will be trimmed during the optimization process.
WARNING:Xst:1895 - Due to other FF/Latch trimming, FF/Latch <PLBV46_SLAVE_SINGLE_I/I_SLAVE_ATTACHMENT/sl_mrderr_i_4> (without init value) has a constant value of 0 in block <coprocesador>. This FF/Latch will be trimmed during the optimization process.
WARNING:Xst:1895 - Due to other FF/Latch trimming, FF/Latch <PLBV46_SLAVE_SINGLE_I/I_SLAVE_ATTACHMENT/sl_mrderr_i_0> (without init value) has a constant value of 0 in block <coprocesador>. This FF/Latch will be trimmed during the optimization process.
WARNING:Xst:1895 - Due to other FF/Latch trimming, FF/Latch <PLBV46_SLAVE_SINGLE_I/I_SLAVE_ATTACHMENT/sl_mrderr_i_1> (without init value) has a constant value of 0 in block <coprocesador>. This FF/Latch will be trimmed during the optimization process.
WARNING:Xst:1895 - Due to other FF/Latch trimming, FF/Latch <PLBV46_SLAVE_SINGLE_I/I_SLAVE_ATTACHMENT/sl_mwrerr_i_7> (without init value) has a constant value of 0 in block <coprocesador>. This FF/Latch will be trimmed during the optimization process.
WARNING:Xst:1895 - Due to other FF/Latch trimming, FF/Latch <PLBV46_SLAVE_SINGLE_I/I_SLAVE_ATTACHMENT/sl_mwrerr_i_6> (without init value) has a constant value of 0 in block <coprocesador>. This FF/Latch will be trimmed during the optimization process.
WARNING:Xst:1895 - Due to other FF/Latch trimming, FF/Latch <PLBV46_SLAVE_SINGLE_I/I_SLAVE_ATTACHMENT/sl_mwrerr_i_4> (without init value) has a constant value of 0 in block <coprocesador>. This FF/Latch will be trimmed during the optimization process.
WARNING:Xst:1895 - Due to other FF/Latch trimming, FF/Latch <PLBV46_SLAVE_SINGLE_I/I_SLAVE_ATTACHMENT/sl_mwrerr_i_5> (without init value) has a constant value of 0 in block <coprocesador>. This FF/Latch will be trimmed during the optimization process.
WARNING:Xst:1895 - Due to other FF/Latch trimming, FF/Latch <PLBV46_SLAVE_SINGLE_I/I_SLAVE_ATTACHMENT/sl_mwrerr_i_2> (without init value) has a constant value of 0 in block <coprocesador>. This FF/Latch will be trimmed during the optimization process.
WARNING:Xst:1895 - Due to other FF/Latch trimming, FF/Latch <PLBV46_SLAVE_SINGLE_I/I_SLAVE_ATTACHMENT/sl_mwrerr_i_3> (without init value) has a constant value of 0 in block <coprocesador>. This FF/Latch will be trimmed during the optimization process.
WARNING:Xst:1895 - Due to other FF/Latch trimming, FF/Latch <PLBV46_SLAVE_SINGLE_I/I_SLAVE_ATTACHMENT/sl_mwrerr_i_1> (without init value) has a constant value of 0 in block <coprocesador>. This FF/Latch will be trimmed during the optimization process.
WARNING:Xst:1895 - Due to other FF/Latch trimming, FF/Latch <PLBV46_SLAVE_SINGLE_I/I_SLAVE_ATTACHMENT/sl_mwrerr_i_0> (without init value) has a constant value of 0 in block <coprocesador>. This FF/Latch will be trimmed during the optimization process.
WARNING:Xst:2677 - Node <PLBV46_SLAVE_SINGLE_I/I_SLAVE_ATTACHMENT/I_DECODER/cs_out_s_h_0> of sequential type is unconnected in block <coprocesador>.
WARNING:Xst:2677 - Node <PLBV46_SLAVE_SINGLE_I/I_SLAVE_ATTACHMENT/I_DECODER/cs_out_i_0> of sequential type is unconnected in block <coprocesador>.
WARNING:Xst:2677 - Node <PLBV46_SLAVE_SINGLE_I/I_SLAVE_ATTACHMENT/bus2ip_addr_i_0> of sequential type is unconnected in block <coprocesador>.
WARNING:Xst:2677 - Node <PLBV46_SLAVE_SINGLE_I/I_SLAVE_ATTACHMENT/bus2ip_addr_i_1> of sequential type is unconnected in block <coprocesador>.
WARNING:Xst:2677 - Node <PLBV46_SLAVE_SINGLE_I/I_SLAVE_ATTACHMENT/bus2ip_addr_i_2> of sequential type is unconnected in block <coprocesador>.
WARNING:Xst:2677 - Node <PLBV46_SLAVE_SINGLE_I/I_SLAVE_ATTACHMENT/bus2ip_addr_i_3> of sequential type is unconnected in block <coprocesador>.
WARNING:Xst:2677 - Node <PLBV46_SLAVE_SINGLE_I/I_SLAVE_ATTACHMENT/bus2ip_addr_i_4> of sequential type is unconnected in block <coprocesador>.
WARNING:Xst:2677 - Node <PLBV46_SLAVE_SINGLE_I/I_SLAVE_ATTACHMENT/bus2ip_addr_i_5> of sequential type is unconnected in block <coprocesador>.
WARNING:Xst:2677 - Node <PLBV46_SLAVE_SINGLE_I/I_SLAVE_ATTACHMENT/bus2ip_addr_i_6> of sequential type is unconnected in block <coprocesador>.
WARNING:Xst:2677 - Node <PLBV46_SLAVE_SINGLE_I/I_SLAVE_ATTACHMENT/bus2ip_addr_i_7> of sequential type is unconnected in block <coprocesador>.
WARNING:Xst:2677 - Node <PLBV46_SLAVE_SINGLE_I/I_SLAVE_ATTACHMENT/bus2ip_addr_i_8> of sequential type is unconnected in block <coprocesador>.
WARNING:Xst:2677 - Node <PLBV46_SLAVE_SINGLE_I/I_SLAVE_ATTACHMENT/bus2ip_addr_i_9> of sequential type is unconnected in block <coprocesador>.
WARNING:Xst:2677 - Node <PLBV46_SLAVE_SINGLE_I/I_SLAVE_ATTACHMENT/bus2ip_addr_i_10> of sequential type is unconnected in block <coprocesador>.
WARNING:Xst:2677 - Node <PLBV46_SLAVE_SINGLE_I/I_SLAVE_ATTACHMENT/bus2ip_addr_i_11> of sequential type is unconnected in block <coprocesador>.
WARNING:Xst:2677 - Node <PLBV46_SLAVE_SINGLE_I/I_SLAVE_ATTACHMENT/bus2ip_addr_i_12> of sequential type is unconnected in block <coprocesador>.
WARNING:Xst:2677 - Node <PLBV46_SLAVE_SINGLE_I/I_SLAVE_ATTACHMENT/bus2ip_addr_i_13> of sequential type is unconnected in block <coprocesador>.
WARNING:Xst:2677 - Node <PLBV46_SLAVE_SINGLE_I/I_SLAVE_ATTACHMENT/bus2ip_addr_i_14> of sequential type is unconnected in block <coprocesador>.
WARNING:Xst:2677 - Node <PLBV46_SLAVE_SINGLE_I/I_SLAVE_ATTACHMENT/bus2ip_addr_i_15> of sequential type is unconnected in block <coprocesador>.
WARNING:Xst:2677 - Node <PLBV46_SLAVE_SINGLE_I/I_SLAVE_ATTACHMENT/bus2ip_addr_i_16> of sequential type is unconnected in block <coprocesador>.
WARNING:Xst:2677 - Node <PLBV46_SLAVE_SINGLE_I/I_SLAVE_ATTACHMENT/bus2ip_addr_i_17> of sequential type is unconnected in block <coprocesador>.
WARNING:Xst:2677 - Node <PLBV46_SLAVE_SINGLE_I/I_SLAVE_ATTACHMENT/bus2ip_addr_i_18> of sequential type is unconnected in block <coprocesador>.
WARNING:Xst:2677 - Node <PLBV46_SLAVE_SINGLE_I/I_SLAVE_ATTACHMENT/bus2ip_addr_i_19> of sequential type is unconnected in block <coprocesador>.
WARNING:Xst:2677 - Node <PLBV46_SLAVE_SINGLE_I/I_SLAVE_ATTACHMENT/bus2ip_addr_i_20> of sequential type is unconnected in block <coprocesador>.
WARNING:Xst:2677 - Node <PLBV46_SLAVE_SINGLE_I/I_SLAVE_ATTACHMENT/bus2ip_addr_i_21> of sequential type is unconnected in block <coprocesador>.
WARNING:Xst:2677 - Node <PLBV46_SLAVE_SINGLE_I/I_SLAVE_ATTACHMENT/bus2ip_addr_i_22> of sequential type is unconnected in block <coprocesador>.
WARNING:Xst:2677 - Node <PLBV46_SLAVE_SINGLE_I/I_SLAVE_ATTACHMENT/bus2ip_addr_i_23> of sequential type is unconnected in block <coprocesador>.
WARNING:Xst:2677 - Node <PLBV46_SLAVE_SINGLE_I/I_SLAVE_ATTACHMENT/bus2ip_addr_i_24> of sequential type is unconnected in block <coprocesador>.
WARNING:Xst:2677 - Node <PLBV46_SLAVE_SINGLE_I/I_SLAVE_ATTACHMENT/bus2ip_addr_i_25> of sequential type is unconnected in block <coprocesador>.
WARNING:Xst:2677 - Node <PLBV46_SLAVE_SINGLE_I/I_SLAVE_ATTACHMENT/bus2ip_addr_i_26> of sequential type is unconnected in block <coprocesador>.
WARNING:Xst:2677 - Node <PLBV46_SLAVE_SINGLE_I/I_SLAVE_ATTACHMENT/bus2ip_addr_i_27> of sequential type is unconnected in block <coprocesador>.
WARNING:Xst:2677 - Node <PLBV46_SLAVE_SINGLE_I/I_SLAVE_ATTACHMENT/bus2ip_addr_i_28> of sequential type is unconnected in block <coprocesador>.
WARNING:Xst:2677 - Node <PLBV46_SLAVE_SINGLE_I/I_SLAVE_ATTACHMENT/bus2ip_addr_i_29> of sequential type is unconnected in block <coprocesador>.
WARNING:Xst:2677 - Node <PLBV46_SLAVE_SINGLE_I/I_SLAVE_ATTACHMENT/bus2ip_addr_i_30> of sequential type is unconnected in block <coprocesador>.
WARNING:Xst:2677 - Node <PLBV46_SLAVE_SINGLE_I/I_SLAVE_ATTACHMENT/bus2ip_addr_i_31> of sequential type is unconnected in block <coprocesador>.
WARNING:Xst:2677 - Node <PLBV46_SLAVE_SINGLE_I/I_SLAVE_ATTACHMENT/bus2ip_rnw_i> of sequential type is unconnected in block <coprocesador>.
WARNING:Xst:2677 - Node <PLBV46_SLAVE_SINGLE_I/I_SLAVE_ATTACHMENT/plb_abus_reg_0> of sequential type is unconnected in block <coprocesador>.
WARNING:Xst:2677 - Node <PLBV46_SLAVE_SINGLE_I/I_SLAVE_ATTACHMENT/plb_abus_reg_1> of sequential type is unconnected in block <coprocesador>.
WARNING:Xst:2677 - Node <PLBV46_SLAVE_SINGLE_I/I_SLAVE_ATTACHMENT/plb_abus_reg_2> of sequential type is unconnected in block <coprocesador>.
WARNING:Xst:2677 - Node <PLBV46_SLAVE_SINGLE_I/I_SLAVE_ATTACHMENT/plb_abus_reg_3> of sequential type is unconnected in block <coprocesador>.
WARNING:Xst:2677 - Node <PLBV46_SLAVE_SINGLE_I/I_SLAVE_ATTACHMENT/plb_abus_reg_4> of sequential type is unconnected in block <coprocesador>.
WARNING:Xst:2677 - Node <PLBV46_SLAVE_SINGLE_I/I_SLAVE_ATTACHMENT/plb_abus_reg_5> of sequential type is unconnected in block <coprocesador>.
WARNING:Xst:2677 - Node <PLBV46_SLAVE_SINGLE_I/I_SLAVE_ATTACHMENT/plb_abus_reg_6> of sequential type is unconnected in block <coprocesador>.
WARNING:Xst:2677 - Node <PLBV46_SLAVE_SINGLE_I/I_SLAVE_ATTACHMENT/plb_abus_reg_7> of sequential type is unconnected in block <coprocesador>.
WARNING:Xst:2677 - Node <PLBV46_SLAVE_SINGLE_I/I_SLAVE_ATTACHMENT/plb_abus_reg_8> of sequential type is unconnected in block <coprocesador>.
WARNING:Xst:2677 - Node <PLBV46_SLAVE_SINGLE_I/I_SLAVE_ATTACHMENT/plb_abus_reg_9> of sequential type is unconnected in block <coprocesador>.
WARNING:Xst:2677 - Node <PLBV46_SLAVE_SINGLE_I/I_SLAVE_ATTACHMENT/plb_abus_reg_10> of sequential type is unconnected in block <coprocesador>.
WARNING:Xst:2677 - Node <PLBV46_SLAVE_SINGLE_I/I_SLAVE_ATTACHMENT/plb_abus_reg_11> of sequential type is unconnected in block <coprocesador>.
WARNING:Xst:2677 - Node <PLBV46_SLAVE_SINGLE_I/I_SLAVE_ATTACHMENT/plb_abus_reg_12> of sequential type is unconnected in block <coprocesador>.
WARNING:Xst:2677 - Node <PLBV46_SLAVE_SINGLE_I/I_SLAVE_ATTACHMENT/plb_abus_reg_13> of sequential type is unconnected in block <coprocesador>.
WARNING:Xst:2677 - Node <PLBV46_SLAVE_SINGLE_I/I_SLAVE_ATTACHMENT/plb_abus_reg_14> of sequential type is unconnected in block <coprocesador>.
WARNING:Xst:2677 - Node <PLBV46_SLAVE_SINGLE_I/I_SLAVE_ATTACHMENT/plb_abus_reg_15> of sequential type is unconnected in block <coprocesador>.
WARNING:Xst:2677 - Node <PLBV46_SLAVE_SINGLE_I/I_SLAVE_ATTACHMENT/plb_abus_reg_16> of sequential type is unconnected in block <coprocesador>.
WARNING:Xst:2677 - Node <PLBV46_SLAVE_SINGLE_I/I_SLAVE_ATTACHMENT/plb_abus_reg_17> of sequential type is unconnected in block <coprocesador>.
WARNING:Xst:2677 - Node <PLBV46_SLAVE_SINGLE_I/I_SLAVE_ATTACHMENT/plb_abus_reg_18> of sequential type is unconnected in block <coprocesador>.
WARNING:Xst:2677 - Node <PLBV46_SLAVE_SINGLE_I/I_SLAVE_ATTACHMENT/plb_abus_reg_19> of sequential type is unconnected in block <coprocesador>.
WARNING:Xst:2677 - Node <PLBV46_SLAVE_SINGLE_I/I_SLAVE_ATTACHMENT/plb_abus_reg_20> of sequential type is unconnected in block <coprocesador>.
WARNING:Xst:2677 - Node <PLBV46_SLAVE_SINGLE_I/I_SLAVE_ATTACHMENT/plb_abus_reg_21> of sequential type is unconnected in block <coprocesador>.
WARNING:Xst:2677 - Node <PLBV46_SLAVE_SINGLE_I/I_SLAVE_ATTACHMENT/plb_abus_reg_22> of sequential type is unconnected in block <coprocesador>.
WARNING:Xst:2677 - Node <PLBV46_SLAVE_SINGLE_I/I_SLAVE_ATTACHMENT/plb_abus_reg_23> of sequential type is unconnected in block <coprocesador>.
WARNING:Xst:2677 - Node <PLBV46_SLAVE_SINGLE_I/I_SLAVE_ATTACHMENT/plb_abus_reg_24> of sequential type is unconnected in block <coprocesador>.
WARNING:Xst:2677 - Node <PLBV46_SLAVE_SINGLE_I/I_SLAVE_ATTACHMENT/plb_abus_reg_25> of sequential type is unconnected in block <coprocesador>.
WARNING:Xst:2677 - Node <PLBV46_SLAVE_SINGLE_I/I_SLAVE_ATTACHMENT/plb_abus_reg_26> of sequential type is unconnected in block <coprocesador>.
WARNING:Xst:2677 - Node <PLBV46_SLAVE_SINGLE_I/I_SLAVE_ATTACHMENT/plb_abus_reg_27> of sequential type is unconnected in block <coprocesador>.
WARNING:Xst:2677 - Node <PLBV46_SLAVE_SINGLE_I/I_SLAVE_ATTACHMENT/plb_abus_reg_30> of sequential type is unconnected in block <coprocesador>.
WARNING:Xst:2677 - Node <PLBV46_SLAVE_SINGLE_I/I_SLAVE_ATTACHMENT/plb_abus_reg_31> of sequential type is unconnected in block <coprocesador>.

Mapping all equations...
Building and optimizing final netlist ...
Found area constraint ratio of 100 (+ 5) on block coprocesador, actual ratio is 2.
FlipFlop PLBV46_SLAVE_SINGLE_I/I_SLAVE_ATTACHMENT/I_DECODER/rdce_out_i_0 has been replicated 1 time(s)
FlipFlop PLBV46_SLAVE_SINGLE_I/I_SLAVE_ATTACHMENT/I_DECODER/rdce_out_i_1 has been replicated 1 time(s)
FlipFlop PLBV46_SLAVE_SINGLE_I/I_SLAVE_ATTACHMENT/I_DECODER/rdce_out_i_2 has been replicated 1 time(s)
FlipFlop PLBV46_SLAVE_SINGLE_I/I_SLAVE_ATTACHMENT/I_DECODER/rdce_out_i_3 has been replicated 1 time(s)
FlipFlop USER_LOGIC_I/slv_reg0_31 has been replicated 1 time(s)

Final Macro Processing ...

=========================================================================
Final Register Report

Macro Statistics
# Registers                                            : 248
 Flip-Flops                                            : 248

=========================================================================

=========================================================================
*                           Partition Report                            *
=========================================================================

Partition Implementation Status
-------------------------------

  No Partitions were found in this design.

-------------------------------

=========================================================================
*                            Final Report                               *
=========================================================================
Final Results
RTL Top Level Output File Name     : coprocesador.ngr
Top Level Output File Name         : coprocesador
Output Format                      : NGC
Optimization Goal                  : Speed
Keep Hierarchy                     : No

Design Statistics
# IOs                              : 447

Cell Usage :
# BELS                             : 284
#      GND                         : 1
#      LUT2                        : 18
#      LUT2_D                      : 1
#      LUT2_L                      : 1
#      LUT3                        : 79
#      LUT4                        : 80
#      LUT4_D                      : 4
#      MUXCY                       : 31
#      MUXF5                       : 36
#      VCC                         : 1
#      XORCY                       : 32
# FlipFlops/Latches                : 248
#      FDR                         : 120
#      FDRE                        : 128
# Clock Buffers                    : 1
#      BUFGP                       : 1
# IO Buffers                       : 254
#      IBUF                        : 71
#      OBUF                        : 183
=========================================================================

Device utilization summary:
---------------------------

Selected Device : 3s1000ft256-5 

 Number of Slices:                      169  out of   7680     2%  
 Number of Slice Flip Flops:            248  out of  15360     1%  
 Number of 4 input LUTs:                183  out of  15360     1%  
 Number of IOs:                         447
 Number of bonded IOBs:                 255  out of    173   147% (*) 
 Number of GCLKs:                         1  out of      8    12%  

WARNING:Xst:1336 -  (*) More than 100% of Device resources are used

---------------------------
Partition Resource Summary:
---------------------------

  No Partitions were found in this design.

---------------------------


=========================================================================
TIMING REPORT

NOTE: THESE TIMING NUMBERS ARE ONLY A SYNTHESIS ESTIMATE.
      FOR ACCURATE TIMING INFORMATION PLEASE REFER TO THE TRACE REPORT
      GENERATED AFTER PLACE-and-ROUTE.

Clock Information:
------------------
-----------------------------------+------------------------+-------+
Clock Signal                       | Clock buffer(FF name)  | Load  |
-----------------------------------+------------------------+-------+
SPLB_Clk                           | BUFGP                  | 248   |
-----------------------------------+------------------------+-------+

Asynchronous Control Signals Information:
----------------------------------------
No asynchronous control signals found in this design

Timing Summary:
---------------
Speed Grade: -5

   Minimum period: 5.980ns (Maximum Frequency: 167.229MHz)
   Minimum input arrival time before clock: 6.310ns
   Maximum output required time after clock: 7.081ns
   Maximum combinational path delay: 6.305ns

Timing Detail:
--------------
All values displayed in nanoseconds (ns)

=========================================================================
Timing constraint: Default period analysis for Clock 'SPLB_Clk'
  Clock period: 5.980ns (frequency: 167.229MHz)
  Total number of paths / destination ports: 3566 / 379
-------------------------------------------------------------------------
Delay:               5.980ns (Levels of Logic = 2)
  Source:            PLBV46_SLAVE_SINGLE_I/I_SLAVE_ATTACHMENT/I_DECODER/rdce_out_i_0_1 (FF)
  Destination:       PLBV46_SLAVE_SINGLE_I/I_SLAVE_ATTACHMENT/sl_rddbus_i_0 (FF)
  Source Clock:      SPLB_Clk rising
  Destination Clock: SPLB_Clk rising

  Data Path: PLBV46_SLAVE_SINGLE_I/I_SLAVE_ATTACHMENT/I_DECODER/rdce_out_i_0_1 to PLBV46_SLAVE_SINGLE_I/I_SLAVE_ATTACHMENT/sl_rddbus_i_0
                                Gate     Net
    Cell:in->out      fanout   Delay   Delay  Logical Name (Net Name)
    ----------------------------------------  ------------
     FDRE:C->Q             1   0.626   0.976  PLBV46_SLAVE_SINGLE_I/I_SLAVE_ATTACHMENT/I_DECODER/rdce_out_i_0_1 (PLBV46_SLAVE_SINGLE_I/I_SLAVE_ATTACHMENT/I_DECODER/rdce_out_i_0_1)
     LUT4:I0->O            5   0.479   0.953  USER_LOGIC_I/slv_read_ack1 (user_IP2Bus_RdAck)
     LUT2:I1->O           32   0.479   1.575  PLBV46_SLAVE_SINGLE_I/I_SLAVE_ATTACHMENT/sl_rddbus_i_or00001 (PLBV46_SLAVE_SINGLE_I/I_SLAVE_ATTACHMENT/sl_rddbus_i_or0000)
     FDR:R                     0.892          PLBV46_SLAVE_SINGLE_I/I_SLAVE_ATTACHMENT/sl_rddbus_i_31
    ----------------------------------------
    Total                      5.980ns (2.476ns logic, 3.504ns route)
                                       (41.4% logic, 58.6% route)

=========================================================================
Timing constraint: Default OFFSET IN BEFORE for Clock 'SPLB_Clk'
  Total number of paths / destination ports: 322 / 298
-------------------------------------------------------------------------
Offset:              6.310ns (Levels of Logic = 2)
  Source:            SPLB_Rst (PAD)
  Destination:       PLBV46_SLAVE_SINGLE_I/I_SLAVE_ATTACHMENT/sl_rddbus_i_0 (FF)
  Destination Clock: SPLB_Clk rising

  Data Path: SPLB_Rst to PLBV46_SLAVE_SINGLE_I/I_SLAVE_ATTACHMENT/sl_rddbus_i_0
                                Gate     Net
    Cell:in->out      fanout   Delay   Delay  Logical Name (Net Name)
    ----------------------------------------  ------------
     IBUF:I->O           192   0.715   2.649  SPLB_Rst_IBUF (SPLB_Rst_IBUF)
     LUT2:I0->O           32   0.479   1.575  PLBV46_SLAVE_SINGLE_I/I_SLAVE_ATTACHMENT/sl_rddbus_i_or00001 (PLBV46_SLAVE_SINGLE_I/I_SLAVE_ATTACHMENT/sl_rddbus_i_or0000)
     FDR:R                     0.892          PLBV46_SLAVE_SINGLE_I/I_SLAVE_ATTACHMENT/sl_rddbus_i_31
    ----------------------------------------
    Total                      6.310ns (2.086ns logic, 4.224ns route)
                                       (33.1% logic, 66.9% route)

=========================================================================
Timing constraint: Default OFFSET OUT AFTER for Clock 'SPLB_Clk'
  Total number of paths / destination ports: 142 / 142
-------------------------------------------------------------------------
Offset:              7.081ns (Levels of Logic = 1)
  Source:            PLBV46_SLAVE_SINGLE_I/I_SLAVE_ATTACHMENT/set_sl_busy (FF)
  Destination:       Sl_addrAck (PAD)
  Source Clock:      SPLB_Clk rising

  Data Path: PLBV46_SLAVE_SINGLE_I/I_SLAVE_ATTACHMENT/set_sl_busy to Sl_addrAck
                                Gate     Net
    Cell:in->out      fanout   Delay   Delay  Logical Name (Net Name)
    ----------------------------------------  ------------
     FDR:C->Q             26   0.626   1.546  PLBV46_SLAVE_SINGLE_I/I_SLAVE_ATTACHMENT/set_sl_busy (PLBV46_SLAVE_SINGLE_I/I_SLAVE_ATTACHMENT/set_sl_busy)
     OBUF:I->O                 4.909          Sl_addrAck_OBUF (Sl_addrAck)
    ----------------------------------------
    Total                      7.081ns (5.535ns logic, 1.546ns route)
                                       (78.2% logic, 21.8% route)

=========================================================================
Timing constraint: Default path analysis
  Total number of paths / destination ports: 8 / 8
-------------------------------------------------------------------------
Delay:               6.305ns (Levels of Logic = 2)
  Source:            switches<7> (PAD)
  Destination:       leds<7> (PAD)

  Data Path: switches<7> to leds<7>
                                Gate     Net
    Cell:in->out      fanout   Delay   Delay  Logical Name (Net Name)
    ----------------------------------------  ------------
     IBUF:I->O             1   0.715   0.681  switches_7_IBUF (switches_7_IBUF)
     OBUF:I->O                 4.909          leds_7_OBUF (leds<7>)
    ----------------------------------------
    Total                      6.305ns (5.624ns logic, 0.681ns route)
                                       (89.2% logic, 10.8% route)

=========================================================================


Total REAL time to Xst completion: 8.00 secs
Total CPU time to Xst completion: 8.06 secs
 
--> 

Total memory usage is 4739252 kilobytes

Number of errors   :    0 (   0 filtered)
Number of warnings :  182 (   0 filtered)
Number of infos    :    3 (   0 filtered)

