Release 14.1 - xst P.15xf (nt64)
Copyright (c) 1995-2012 Xilinx, Inc.  All rights reserved.
--> Parameter TMPDIR set to xst/projnav.tmp


Total REAL time to Xst completion: 0.00 secs
Total CPU time to Xst completion: 0.08 secs
 
--> Parameter xsthdpdir set to xst


Total REAL time to Xst completion: 0.00 secs
Total CPU time to Xst completion: 0.08 secs
 
--> Reading design: user_logic.prj

TABLE OF CONTENTS
  1) Synthesis Options Summary
  2) HDL Compilation
  3) Design Hierarchy Analysis
  4) HDL Analysis
  5) HDL Synthesis
     5.1) HDL Synthesis Report
  6) Advanced HDL Synthesis
     6.1) Advanced HDL Synthesis Report
  7) Low Level Synthesis
  8) Partition Report
  9) Final Report
	9.1) Device utilization summary
	9.2) Partition Resource Summary
	9.3) TIMING REPORT


=========================================================================
*                      Synthesis Options Summary                        *
=========================================================================
---- Source Parameters
Input File Name                    : "user_logic.prj"
Input Format                       : mixed
Ignore Synthesis Constraint File   : NO

---- Target Parameters
Output File Name                   : "user_logic"
Output Format                      : NGC
Target Device                      : xc3s1000-5-ft256

---- Source Options
Top Module Name                    : user_logic
Automatic FSM Extraction           : YES
FSM Encoding Algorithm             : Auto
Safe Implementation                : No
FSM Style                          : LUT
RAM Extraction                     : Yes
RAM Style                          : Auto
ROM Extraction                     : Yes
Mux Style                          : Auto
Decoder Extraction                 : YES
Priority Encoder Extraction        : Yes
Shift Register Extraction          : YES
Logical Shifter Extraction         : YES
XOR Collapsing                     : YES
ROM Style                          : Auto
Mux Extraction                     : Yes
Resource Sharing                   : YES
Asynchronous To Synchronous        : NO
Multiplier Style                   : Auto
Automatic Register Balancing       : No

---- Target Options
Add IO Buffers                     : YES
Global Maximum Fanout              : 100000
Add Generic Clock Buffer(BUFG)     : 8
Register Duplication               : YES
Slice Packing                      : YES
Optimize Instantiated Primitives   : NO
Use Clock Enable                   : Yes
Use Synchronous Set                : Yes
Use Synchronous Reset              : Yes
Pack IO Registers into IOBs        : Auto
Equivalent register Removal        : YES

---- General Options
Optimization Goal                  : Speed
Optimization Effort                : 1
Keep Hierarchy                     : No
Netlist Hierarchy                  : As_Optimized
RTL Output                         : Yes
Global Optimization                : AllClockNets
Read Cores                         : YES
Write Timing Constraints           : NO
Cross Clock Analysis               : NO
Hierarchy Separator                : /
Bus Delimiter                      : <>
Case Specifier                     : Maintain
Slice Utilization Ratio            : 100
BRAM Utilization Ratio             : 100
Verilog 2001                       : YES
Auto BRAM Packing                  : NO
Slice Utilization Ratio Delta      : 5

=========================================================================


=========================================================================
*                          HDL Compilation                              *
=========================================================================
Compiling vhdl file "C:/software/electronica/xilinx/14.1/ISE_DS/EDK/hw/XilinxProcessorIPLib/pcores/proc_common_v3_00_a/hdl/vhdl/proc_common_pkg.vhd" in Library proc_common_v3_00_a.
Architecture proc_common_pkg of Entity proc_common_pkg is up to date.
Compiling vhdl file "U:/hlocal/P2_SE/pcores/coprocesador_v1_00_a/hdl/vhdl/user_logic.vhd" in Library coprocesador_v1_00_a.
Architecture imp of Entity user_logic is up to date.

=========================================================================
*                     Design Hierarchy Analysis                         *
=========================================================================
Analyzing hierarchy for entity <user_logic> in library <coprocesador_v1_00_a> (architecture <imp>) with generics.
	C_NUM_REG = 4
	C_SLV_DWIDTH = 32


=========================================================================
*                            HDL Analysis                               *
=========================================================================
Analyzing generic Entity <user_logic> in library <coprocesador_v1_00_a> (Architecture <imp>).
	C_NUM_REG = 4
	C_SLV_DWIDTH = 32
WARNING:Xst:37 - Detected unknown constraint/property "SIGIS". This constraint/property is not supported by the current software release and will be ignored.
WARNING:Xst:37 - Detected unknown constraint/property "SIGIS". This constraint/property is not supported by the current software release and will be ignored.
Entity <user_logic> analyzed. Unit <user_logic> generated.


=========================================================================
*                           HDL Synthesis                               *
=========================================================================

Performing bidirectional port resolution...

Synthesizing Unit <user_logic>.
    Related source file is "U:/hlocal/P2_SE/pcores/coprocesador_v1_00_a/hdl/vhdl/user_logic.vhd".
    Found 32-bit register for signal <slv_reg0>.
    Found 32-bit register for signal <slv_reg1>.
    Found 32-bit register for signal <slv_reg2>.
    Found 32-bit register for signal <slv_reg3>.
    Found 32-bit addsub for signal <slv_reg3$mux0002>.
    Summary:
	inferred 128 D-type flip-flop(s).
	inferred   1 Adder/Subtractor(s).
Unit <user_logic> synthesized.

INFO:Xst:1767 - HDL ADVISOR - Resource sharing has identified that some arithmetic operations in this design can share the same physical resources for reduced device utilization. For improved clock frequency you may try to disable resource sharing.

=========================================================================
HDL Synthesis Report

Macro Statistics
# Adders/Subtractors                                   : 1
 32-bit addsub                                         : 1
# Registers                                            : 97
 1-bit register                                        : 96
 32-bit register                                       : 1

=========================================================================

=========================================================================
*                       Advanced HDL Synthesis                          *
=========================================================================


=========================================================================
Advanced HDL Synthesis Report

Macro Statistics
# Adders/Subtractors                                   : 1
 32-bit addsub                                         : 1
# Registers                                            : 128
 Flip-Flops                                            : 128

=========================================================================

=========================================================================
*                         Low Level Synthesis                           *
=========================================================================

Optimizing unit <user_logic> ...

Mapping all equations...
Building and optimizing final netlist ...
Found area constraint ratio of 100 (+ 5) on block user_logic, actual ratio is 1.
FlipFlop slv_reg0_31 has been replicated 3 time(s)

Final Macro Processing ...

=========================================================================
Final Register Report

Macro Statistics
# Registers                                            : 131
 Flip-Flops                                            : 131

=========================================================================

=========================================================================
*                           Partition Report                            *
=========================================================================

Partition Implementation Status
-------------------------------

  No Partitions were found in this design.

-------------------------------

=========================================================================
*                            Final Report                               *
=========================================================================
Final Results
RTL Top Level Output File Name     : user_logic.ngr
Top Level Output File Name         : user_logic
Output Format                      : NGC
Optimization Goal                  : Speed
Keep Hierarchy                     : No

Design Statistics
# IOs                              : 97

Cell Usage :
# BELS                             : 242
#      GND                         : 1
#      LUT2                        : 13
#      LUT3                        : 64
#      LUT4                        : 69
#      MUXCY                       : 31
#      MUXF5                       : 32
#      XORCY                       : 32
# FlipFlops/Latches                : 131
#      FDR                         : 32
#      FDRE                        : 99
# Clock Buffers                    : 1
#      BUFGP                       : 1
# IO Buffers                       : 96
#      IBUF                        : 53
#      OBUF                        : 43
=========================================================================

Device utilization summary:
---------------------------

Selected Device : 3s1000ft256-5 

 Number of Slices:                      105  out of   7680     1%  
 Number of Slice Flip Flops:            131  out of  15360     0%  
 Number of 4 input LUTs:                146  out of  15360     0%  
 Number of IOs:                          97
 Number of bonded IOBs:                  97  out of    173    56%  
 Number of GCLKs:                         1  out of      8    12%  

---------------------------
Partition Resource Summary:
---------------------------

  No Partitions were found in this design.

---------------------------


=========================================================================
TIMING REPORT

NOTE: THESE TIMING NUMBERS ARE ONLY A SYNTHESIS ESTIMATE.
      FOR ACCURATE TIMING INFORMATION PLEASE REFER TO THE TRACE REPORT
      GENERATED AFTER PLACE-and-ROUTE.

Clock Information:
------------------
-----------------------------------+------------------------+-------+
Clock Signal                       | Clock buffer(FF name)  | Load  |
-----------------------------------+------------------------+-------+
Bus2IP_Clk                         | BUFGP                  | 131   |
-----------------------------------+------------------------+-------+

Asynchronous Control Signals Information:
----------------------------------------
No asynchronous control signals found in this design

Timing Summary:
---------------
Speed Grade: -5

   Minimum period: 5.207ns (Maximum Frequency: 192.033MHz)
   Minimum input arrival time before clock: 5.193ns
   Maximum output required time after clock: 9.541ns
   Maximum combinational path delay: 11.247ns

Timing Detail:
--------------
All values displayed in nanoseconds (ns)

=========================================================================
Timing constraint: Default period analysis for Clock 'Bus2IP_Clk'
  Clock period: 5.207ns (frequency: 192.033MHz)
  Total number of paths / destination ports: 2112 / 32
-------------------------------------------------------------------------
Delay:               5.207ns (Levels of Logic = 33)
  Source:            slv_reg1_31 (FF)
  Destination:       slv_reg3_0 (FF)
  Source Clock:      Bus2IP_Clk rising
  Destination Clock: Bus2IP_Clk rising

  Data Path: slv_reg1_31 to slv_reg3_0
                                Gate     Net
    Cell:in->out      fanout   Delay   Delay  Logical Name (Net Name)
    ----------------------------------------  ------------
     FDRE:C->Q             2   0.626   1.040  slv_reg1_31 (slv_reg1_31)
     LUT3:I0->O            1   0.479   0.000  Maddsub_slv_reg3_mux0002_lut<0> (Maddsub_slv_reg3_mux0002_lut<0>)
     MUXCY:S->O            1   0.435   0.000  Maddsub_slv_reg3_mux0002_cy<0> (Maddsub_slv_reg3_mux0002_cy<0>)
     MUXCY:CI->O           1   0.056   0.000  Maddsub_slv_reg3_mux0002_cy<1> (Maddsub_slv_reg3_mux0002_cy<1>)
     MUXCY:CI->O           1   0.056   0.000  Maddsub_slv_reg3_mux0002_cy<2> (Maddsub_slv_reg3_mux0002_cy<2>)
     MUXCY:CI->O           1   0.056   0.000  Maddsub_slv_reg3_mux0002_cy<3> (Maddsub_slv_reg3_mux0002_cy<3>)
     MUXCY:CI->O           1   0.056   0.000  Maddsub_slv_reg3_mux0002_cy<4> (Maddsub_slv_reg3_mux0002_cy<4>)
     MUXCY:CI->O           1   0.056   0.000  Maddsub_slv_reg3_mux0002_cy<5> (Maddsub_slv_reg3_mux0002_cy<5>)
     MUXCY:CI->O           1   0.056   0.000  Maddsub_slv_reg3_mux0002_cy<6> (Maddsub_slv_reg3_mux0002_cy<6>)
     MUXCY:CI->O           1   0.056   0.000  Maddsub_slv_reg3_mux0002_cy<7> (Maddsub_slv_reg3_mux0002_cy<7>)
     MUXCY:CI->O           1   0.056   0.000  Maddsub_slv_reg3_mux0002_cy<8> (Maddsub_slv_reg3_mux0002_cy<8>)
     MUXCY:CI->O           1   0.056   0.000  Maddsub_slv_reg3_mux0002_cy<9> (Maddsub_slv_reg3_mux0002_cy<9>)
     MUXCY:CI->O           1   0.056   0.000  Maddsub_slv_reg3_mux0002_cy<10> (Maddsub_slv_reg3_mux0002_cy<10>)
     MUXCY:CI->O           1   0.056   0.000  Maddsub_slv_reg3_mux0002_cy<11> (Maddsub_slv_reg3_mux0002_cy<11>)
     MUXCY:CI->O           1   0.055   0.000  Maddsub_slv_reg3_mux0002_cy<12> (Maddsub_slv_reg3_mux0002_cy<12>)
     MUXCY:CI->O           1   0.056   0.000  Maddsub_slv_reg3_mux0002_cy<13> (Maddsub_slv_reg3_mux0002_cy<13>)
     MUXCY:CI->O           1   0.056   0.000  Maddsub_slv_reg3_mux0002_cy<14> (Maddsub_slv_reg3_mux0002_cy<14>)
     MUXCY:CI->O           1   0.056   0.000  Maddsub_slv_reg3_mux0002_cy<15> (Maddsub_slv_reg3_mux0002_cy<15>)
     MUXCY:CI->O           1   0.056   0.000  Maddsub_slv_reg3_mux0002_cy<16> (Maddsub_slv_reg3_mux0002_cy<16>)
     MUXCY:CI->O           1   0.056   0.000  Maddsub_slv_reg3_mux0002_cy<17> (Maddsub_slv_reg3_mux0002_cy<17>)
     MUXCY:CI->O           1   0.056   0.000  Maddsub_slv_reg3_mux0002_cy<18> (Maddsub_slv_reg3_mux0002_cy<18>)
     MUXCY:CI->O           1   0.056   0.000  Maddsub_slv_reg3_mux0002_cy<19> (Maddsub_slv_reg3_mux0002_cy<19>)
     MUXCY:CI->O           1   0.056   0.000  Maddsub_slv_reg3_mux0002_cy<20> (Maddsub_slv_reg3_mux0002_cy<20>)
     MUXCY:CI->O           1   0.056   0.000  Maddsub_slv_reg3_mux0002_cy<21> (Maddsub_slv_reg3_mux0002_cy<21>)
     MUXCY:CI->O           1   0.056   0.000  Maddsub_slv_reg3_mux0002_cy<22> (Maddsub_slv_reg3_mux0002_cy<22>)
     MUXCY:CI->O           1   0.056   0.000  Maddsub_slv_reg3_mux0002_cy<23> (Maddsub_slv_reg3_mux0002_cy<23>)
     MUXCY:CI->O           1   0.056   0.000  Maddsub_slv_reg3_mux0002_cy<24> (Maddsub_slv_reg3_mux0002_cy<24>)
     MUXCY:CI->O           1   0.056   0.000  Maddsub_slv_reg3_mux0002_cy<25> (Maddsub_slv_reg3_mux0002_cy<25>)
     MUXCY:CI->O           1   0.056   0.000  Maddsub_slv_reg3_mux0002_cy<26> (Maddsub_slv_reg3_mux0002_cy<26>)
     MUXCY:CI->O           1   0.056   0.000  Maddsub_slv_reg3_mux0002_cy<27> (Maddsub_slv_reg3_mux0002_cy<27>)
     MUXCY:CI->O           1   0.056   0.000  Maddsub_slv_reg3_mux0002_cy<28> (Maddsub_slv_reg3_mux0002_cy<28>)
     MUXCY:CI->O           1   0.056   0.000  Maddsub_slv_reg3_mux0002_cy<29> (Maddsub_slv_reg3_mux0002_cy<29>)
     MUXCY:CI->O           0   0.056   0.000  Maddsub_slv_reg3_mux0002_cy<30> (Maddsub_slv_reg3_mux0002_cy<30>)
     XORCY:CI->O           1   0.786   0.000  Maddsub_slv_reg3_mux0002_xor<31> (slv_reg3_mux0002<31>)
     FDR:D                     0.176          slv_reg3_0
    ----------------------------------------
    Total                      5.207ns (4.167ns logic, 1.040ns route)
                                       (80.0% logic, 20.0% route)

=========================================================================
Timing constraint: Default OFFSET IN BEFORE for Clock 'Bus2IP_Clk'
  Total number of paths / destination ports: 725 / 329
-------------------------------------------------------------------------
Offset:              5.193ns (Levels of Logic = 3)
  Source:            Bus2IP_WrCE<0> (PAD)
  Destination:       slv_reg0_24 (FF)
  Destination Clock: Bus2IP_Clk rising

  Data Path: Bus2IP_WrCE<0> to slv_reg0_24
                                Gate     Net
    Cell:in->out      fanout   Delay   Delay  Logical Name (Net Name)
    ----------------------------------------  ------------
     IBUF:I->O             4   0.715   1.074  Bus2IP_WrCE_0_IBUF (Bus2IP_WrCE_0_IBUF)
     LUT4:I0->O            4   0.479   0.949  slv_reg0_9_and00001 (slv_reg0_9_and0000)
     LUT2:I1->O           11   0.479   0.972  slv_reg0_24_not00011 (slv_reg0_24_not0001)
     FDRE:CE                   0.524          slv_reg0_24
    ----------------------------------------
    Total                      5.193ns (2.197ns logic, 2.996ns route)
                                       (42.3% logic, 57.7% route)

=========================================================================
Timing constraint: Default OFFSET OUT AFTER for Clock 'Bus2IP_Clk'
  Total number of paths / destination ports: 128 / 32
-------------------------------------------------------------------------
Offset:              9.541ns (Levels of Logic = 4)
  Source:            slv_reg0_31 (FF)
  Destination:       IP2Bus_Data<31> (PAD)
  Source Clock:      Bus2IP_Clk rising

  Data Path: slv_reg0_31 to IP2Bus_Data<31>
                                Gate     Net
    Cell:in->out      fanout   Delay   Delay  Logical Name (Net Name)
    ----------------------------------------  ------------
     FDRE:C->Q            17   0.626   1.202  slv_reg0_31 (slv_reg0_31)
     LUT4:I2->O            1   0.479   0.851  IP2Bus_Data<31>51 (IP2Bus_Data<31>51)
     LUT4:I1->O            1   0.479   0.000  IP2Bus_Data<31>68_F (N14)
     MUXF5:I0->O           1   0.314   0.681  IP2Bus_Data<31>68 (IP2Bus_Data_31_OBUF)
     OBUF:I->O                 4.909          IP2Bus_Data_31_OBUF (IP2Bus_Data<31>)
    ----------------------------------------
    Total                      9.541ns (6.807ns logic, 2.734ns route)
                                       (71.3% logic, 28.7% route)

=========================================================================
Timing constraint: Default path analysis
  Total number of paths / destination ports: 304 / 42
-------------------------------------------------------------------------
Delay:               11.247ns (Levels of Logic = 5)
  Source:            Bus2IP_RdCE<1> (PAD)
  Destination:       IP2Bus_Data<0> (PAD)

  Data Path: Bus2IP_RdCE<1> to IP2Bus_Data<0>
                                Gate     Net
    Cell:in->out      fanout   Delay   Delay  Logical Name (Net Name)
    ----------------------------------------  ------------
     IBUF:I->O            34   0.715   1.880  Bus2IP_RdCE_1_IBUF (Bus2IP_RdCE_1_IBUF)
     LUT2:I0->O           64   0.479   1.790  IP2Bus_Data<9>22 (IP2Bus_Data<0>22)
     LUT3:I2->O            1   0.479   0.000  IP2Bus_Data<9>68_G (N11)
     MUXF5:I1->O           1   0.314   0.681  IP2Bus_Data<9>68 (IP2Bus_Data_9_OBUF)
     OBUF:I->O                 4.909          IP2Bus_Data_9_OBUF (IP2Bus_Data<9>)
    ----------------------------------------
    Total                     11.247ns (6.896ns logic, 4.351ns route)
                                       (61.3% logic, 38.7% route)

=========================================================================


Total REAL time to Xst completion: 4.00 secs
Total CPU time to Xst completion: 3.85 secs
 
--> 

Total memory usage is 4510376 kilobytes

Number of errors   :    0 (   0 filtered)
Number of warnings :    2 (   0 filtered)
Number of infos    :    1 (   0 filtered)

